11-29 16:44:10: Training starting...
Episode 1: Noise Penalty (D): 0.0019
Episode 1: Noise Penalty (D): 0.0019
Episode 1: Noise Penalty (D): 0.0019
Episode 1: Noise Penalty (D): 0.0019
Episode 1: Noise Penalty (D): 0.0019
Episode 1: Noise Penalty (D): 0.0019
Episode 1: Noise Penalty (D): 0.0019
Episode 1: Noise Penalty (D): 0.0019
Episode 1: Noise Penalty (D): 0.0019
Episode 1: Noise Penalty (D): 0.0019
Episode 1: Noise Penalty (D): 0.0019
Episode 1: Noise Penalty (D): 0.0019
Episode 1: Noise Penalty (D): 0.0019
Episode 1: Noise Penalty (D): 0.0019
Episode 1: Noise Penalty (D): 0.0019
Episode 1: Noise Penalty (D): 0.0019
Episode 1: Noise Penalty (D): 0.0019
Episode 1: Noise Penalty (D): 0.0019
Episode 1: Noise Penalty (D): 0.0019
Episode 1: Noise Penalty (D): 0.0019
Episode 1: Noise Penalty (D): 0.0019
Episode 1: Noise Penalty (D): 0.0019
Episode 1: Noise Penalty (D): 0.0019
Episode 1: Noise Penalty (D): 0.0019
Episode 1: Noise Penalty (D): 0.0019
Episode 1: Noise Penalty (D): 0.0019
Episode 1: Noise Penalty (D): 0.0019
Episode 1: Noise Penalty (D): 0.0019
Episode 1: Noise Penalty (D): 0.0019
Episode 1: Noise Penalty (D): 0.0019
Episode 1: Noise Penalty (D): 0.0019
Episode 1: Noise Penalty (D): 0.0019
Episode 1: Noise Penalty (D): 0.0019
Optimization step, Loss: 0.1489, Step Count: 33
Episode 1: Noise Penalty (D): 0.0019
Optimization step, Loss: 0.1300, Step Count: 34
Episode 1: Noise Penalty (D): 0.0019
Optimization step, Loss: 0.2398, Step Count: 35
Episode 1: Noise Penalty (D): 0.0019
Optimization step, Loss: 0.1261, Step Count: 36
Episode 1: Noise Penalty (D): 0.0018
Optimization step, Loss: 0.2159, Step Count: 37
Episode 1: Noise Penalty (D): 0.0018
Optimization step, Loss: 0.2485, Step Count: 38
Episode 1: Noise Penalty (D): 0.0018
Optimization step, Loss: 0.1068, Step Count: 39
Episode 1: Noise Penalty (D): 0.0018
Optimization step, Loss: 0.0964, Step Count: 40
Episode 1: Noise Penalty (D): 0.0018
Optimization step, Loss: 0.0436, Step Count: 41
Episode 1: Noise Penalty (D): 0.0018
Optimization step, Loss: 0.1779, Step Count: 42
Episode 1: Noise Penalty (D): 0.0018
Optimization step, Loss: 0.2091, Step Count: 43
Episode 1: Noise Penalty (D): 0.0018
Optimization step, Loss: 0.0897, Step Count: 44
Episode 1: Noise Penalty (D): 0.0018
Optimization step, Loss: 0.2062, Step Count: 45
Episode 1: Noise Penalty (D): 0.0018
Optimization step, Loss: 0.1316, Step Count: 46
Episode 1: Noise Penalty (D): 0.0018
Optimization step, Loss: 0.2467, Step Count: 47
Episode 1: Noise Penalty (D): 0.0018
Optimization step, Loss: 0.2244, Step Count: 48
Episode 1: Noise Penalty (D): 0.0018
Optimization step, Loss: 0.0441, Step Count: 49
Episode 1: Noise Penalty (D): 0.0018
Optimization step, Loss: 0.1930, Step Count: 50
Episode 1: Noise Penalty (D): 0.0018
Optimization step, Loss: 0.1635, Step Count: 51
Episode 1: Noise Penalty (D): 0.0018
Optimization step, Loss: nan, Step Count: 52
Episode 1: Noise Penalty (D): nan
Optimization step, Loss: nan, Step Count: 53
Episode 1: Noise Penalty (D): nan
Optimization step, Loss: nan, Step Count: 54
Episode 1: Noise Penalty (D): nan
Optimization step, Loss: nan, Step Count: 55
Episode 1: Noise Penalty (D): nan
Optimization step, Loss: nan, Step Count: 56
Episode 1: Noise Penalty (D): nan
Optimization step, Loss: nan, Step Count: 57
Episode 1: Noise Penalty (D): nan
Optimization step, Loss: nan, Step Count: 58
Episode 1: Noise Penalty (D): nan
Optimization step, Loss: nan, Step Count: 59
Episode 1: Noise Penalty (D): nan
Optimization step, Loss: nan, Step Count: 60
Episode 1: Noise Penalty (D): nan
Optimization step, Loss: nan, Step Count: 61
Episode 1: Noise Penalty (D): nan
Optimization step, Loss: nan, Step Count: 62
Episode 1: Noise Penalty (D): nan
Optimization step, Loss: nan, Step Count: 63
Episode 1: Noise Penalty (D): nan
Optimization step, Loss: nan, Step Count: 64
Episode 1: Noise Penalty (D): nan
Optimization step, Loss: nan, Step Count: 65
Episode 1: Noise Penalty (D): nan
Optimization step, Loss: nan, Step Count: 66
Episode 1: Noise Penalty (D): nan
Optimization step, Loss: nan, Step Count: 67
Episode 1: Noise Penalty (D): nan
Optimization step, Loss: nan, Step Count: 68
Episode 1: Noise Penalty (D): nan
Optimization step, Loss: nan, Step Count: 69
Episode 1: Noise Penalty (D): nan
Optimization step, Loss: nan, Step Count: 70
Episode 1: Noise Penalty (D): nan
Optimization step, Loss: nan, Step Count: 71
Episode 1: Noise Penalty (D): nan
Optimization step, Loss: nan, Step Count: 72
Episode 1: Noise Penalty (D): nan
Optimization step, Loss: nan, Step Count: 73
Episode 1: Noise Penalty (D): nan
Optimization step, Loss: nan, Step Count: 74
Episode 1: Noise Penalty (D): nan
Optimization step, Loss: nan, Step Count: 75
Episode 1: Noise Penalty (D): nan
Optimization step, Loss: nan, Step Count: 76
Episode 1: Noise Penalty (D): nan
Optimization step, Loss: nan, Step Count: 77
Episode 1: Noise Penalty (D): nan
Optimization step, Loss: nan, Step Count: 78
Episode 1: Noise Penalty (D): nan
Optimization step, Loss: nan, Step Count: 79
Episode 1: Noise Penalty (D): nan
Optimization step, Loss: nan, Step Count: 80
Episode 1: Noise Penalty (D): nan
Optimization step, Loss: nan, Step Count: 81
Episode 1: Noise Penalty (D): nan
Optimization step, Loss: nan, Step Count: 82
Episode 1: Noise Penalty (D): nan
Optimization step, Loss: nan, Step Count: 83
Episode 1: Noise Penalty (D): nan
Optimization step, Loss: nan, Step Count: 84
Episode 1: Noise Penalty (D): nan
Optimization step, Loss: nan, Step Count: 85
Episode 1: Noise Penalty (D): nan
Optimization step, Loss: nan, Step Count: 86
Episode 1: Noise Penalty (D): nan
Optimization step, Loss: nan, Step Count: 87
Episode 1: Noise Penalty (D): nan
Optimization step, Loss: nan, Step Count: 88
Episode 1: Noise Penalty (D): nan
Optimization step, Loss: nan, Step Count: 89
Episode 1: Noise Penalty (D): nan
Optimization step, Loss: nan, Step Count: 90
Episode 1: Noise Penalty (D): nan
Optimization step, Loss: nan, Step Count: 91
Episode 1: Noise Penalty (D): nan
Optimization step, Loss: nan, Step Count: 92
Episode 1: Noise Penalty (D): nan
Optimization step, Loss: nan, Step Count: 93
Episode 1: Noise Penalty (D): nan
Optimization step, Loss: nan, Step Count: 94
Episode 1: Noise Penalty (D): nan
Optimization step, Loss: nan, Step Count: 95
Episode 1: Noise Penalty (D): nan
Optimization step, Loss: nan, Step Count: 96
Episode 1: Noise Penalty (D): nan
Optimization step, Loss: nan, Step Count: 97
Episode 1: Noise Penalty (D): nan
Optimization step, Loss: nan, Step Count: 98
Episode 1: Noise Penalty (D): nan
Optimization step, Loss: nan, Step Count: 99
Episode 1: Noise Penalty (D): nan
Optimization step, Loss: nan, Step Count: 100
Episode 1: Noise Penalty (D): nan
Optimization step, Loss: nan, Step Count: 101
Episode 1: Noise Penalty (D): nan
Optimization step, Loss: nan, Step Count: 102
Episode 1: Noise Penalty (D): nan
Optimization step, Loss: nan, Step Count: 103
Episode 1: Noise Penalty (D): nan
Optimization step, Loss: nan, Step Count: 104
Episode 1: Noise Penalty (D): nan
Optimization step, Loss: nan, Step Count: 105
Episode 1: Noise Penalty (D): nan
Optimization step, Loss: nan, Step Count: 106
Episode 1: Noise Penalty (D): nan
Optimization step, Loss: nan, Step Count: 107
Episode 1: Noise Penalty (D): nan
Optimization step, Loss: nan, Step Count: 108
Episode 1: Noise Penalty (D): nan
Optimization step, Loss: nan, Step Count: 109
Episode 1: Noise Penalty (D): nan
Optimization step, Loss: nan, Step Count: 110
Episode 1: Noise Penalty (D): nan
Optimization step, Loss: nan, Step Count: 111
Episode 1: Noise Penalty (D): nan
Optimization step, Loss: nan, Step Count: 112
Episode 1: Noise Penalty (D): nan
Optimization step, Loss: nan, Step Count: 113
Episode 1: Noise Penalty (D): nan
Optimization step, Loss: nan, Step Count: 114
Episode 1: Noise Penalty (D): nan
Optimization step, Loss: nan, Step Count: 115
Episode 1: Noise Penalty (D): nan
Optimization step, Loss: nan, Step Count: 116
Episode 1: Noise Penalty (D): nan
Optimization step, Loss: nan, Step Count: 117
Episode 1: Noise Penalty (D): nan
Optimization step, Loss: nan, Step Count: 118
Episode 1: Noise Penalty (D): nan
Optimization step, Loss: nan, Step Count: 119
Episode 1: Noise Penalty (D): nan
Optimization step, Loss: nan, Step Count: 120
Episode 1: Noise Penalty (D): nan
Optimization step, Loss: nan, Step Count: 121
Episode 1: Noise Penalty (D): nan
Optimization step, Loss: nan, Step Count: 122
Episode 1: Noise Penalty (D): nan
Optimization step, Loss: nan, Step Count: 123
Episode 1: Noise Penalty (D): nan
Optimization step, Loss: nan, Step Count: 124
Episode 1: Noise Penalty (D): nan
Optimization step, Loss: nan, Step Count: 125
Episode 1: Noise Penalty (D): nan
Optimization step, Loss: nan, Step Count: 126
Episode 1: Noise Penalty (D): nan
Optimization step, Loss: nan, Step Count: 127
Episode 1: Noise Penalty (D): nan
Optimization step, Loss: nan, Step Count: 128
Episode 1: Noise Penalty (D): nan
Optimization step, Loss: nan, Step Count: 129
Episode 1: Noise Penalty (D): nan
Optimization step, Loss: nan, Step Count: 130
Episode 1: Noise Penalty (D): nan
Optimization step, Loss: nan, Step Count: 131
Episode 1: Noise Penalty (D): nan
Optimization step, Loss: nan, Step Count: 132
Episode 1: Noise Penalty (D): nan
Optimization step, Loss: nan, Step Count: 133
Episode 1: Noise Penalty (D): nan
Optimization step, Loss: nan, Step Count: 134
Episode 1: Noise Penalty (D): nan
Optimization step, Loss: nan, Step Count: 135
Episode 1: Noise Penalty (D): nan
Optimization step, Loss: nan, Step Count: 136
Episode 1: Noise Penalty (D): nan
Optimization step, Loss: nan, Step Count: 137
Episode 1: Noise Penalty (D): nan
Optimization step, Loss: nan, Step Count: 138
Episode 1: Noise Penalty (D): nan
Optimization step, Loss: nan, Step Count: 139
Episode 1: Noise Penalty (D): nan
Optimization step, Loss: nan, Step Count: 140
Episode 1: Noise Penalty (D): nan
Optimization step, Loss: nan, Step Count: 141
Episode 1: Noise Penalty (D): nan
Optimization step, Loss: nan, Step Count: 142
Episode 1: Noise Penalty (D): nan
Optimization step, Loss: nan, Step Count: 143
Episode 1: Noise Penalty (D): nan
Optimization step, Loss: nan, Step Count: 144
Episode 1: Noise Penalty (D): nan
Optimization step, Loss: nan, Step Count: 145
Episode 1: Noise Penalty (D): nan
Optimization step, Loss: nan, Step Count: 146
Episode 1: Noise Penalty (D): nan
Optimization step, Loss: nan, Step Count: 147
Episode 1: Noise Penalty (D): nan
Optimization step, Loss: nan, Step Count: 148
Episode 1: Noise Penalty (D): nan
Optimization step, Loss: nan, Step Count: 149
Episode 1: Noise Penalty (D): nan
Optimization step, Loss: nan, Step Count: 150
Episode 1: Noise Penalty (D): nan
Optimization step, Loss: nan, Step Count: 151
Episode 1: Noise Penalty (D): nan
Optimization step, Loss: nan, Step Count: 152
Episode 1: Noise Penalty (D): nan
Optimization step, Loss: nan, Step Count: 153
Episode 1: Noise Penalty (D): nan
Optimization step, Loss: nan, Step Count: 154
Episode 1: Noise Penalty (D): nan
Optimization step, Loss: nan, Step Count: 155
Episode 1: Noise Penalty (D): nan
Optimization step, Loss: nan, Step Count: 156
Episode 1: Noise Penalty (D): nan
Optimization step, Loss: nan, Step Count: 157
Episode 1: Noise Penalty (D): nan
Optimization step, Loss: nan, Step Count: 158
Episode 1: Noise Penalty (D): nan
Optimization step, Loss: nan, Step Count: 159
Episode 1: Noise Penalty (D): nan
Optimization step, Loss: nan, Step Count: 160
Episode 1: Noise Penalty (D): nan
Optimization step, Loss: nan, Step Count: 161
Episode 1: Noise Penalty (D): nan
Optimization step, Loss: nan, Step Count: 162
Episode 1: Noise Penalty (D): nan
Optimization step, Loss: nan, Step Count: 163
Episode 1: Noise Penalty (D): nan
Optimization step, Loss: nan, Step Count: 164
Episode 1: Noise Penalty (D): nan
Optimization step, Loss: nan, Step Count: 165
Episode 1: Noise Penalty (D): nan
Optimization step, Loss: nan, Step Count: 166
Episode 1: Noise Penalty (D): nan
Optimization step, Loss: nan, Step Count: 167
Episode 1: Noise Penalty (D): nan
Optimization step, Loss: nan, Step Count: 168
Episode 1: Noise Penalty (D): nan
Optimization step, Loss: nan, Step Count: 169
Episode 1: Noise Penalty (D): nan
Optimization step, Loss: nan, Step Count: 170
Episode 1: Noise Penalty (D): nan
Optimization step, Loss: nan, Step Count: 171
Episode 1: Noise Penalty (D): nan
Optimization step, Loss: nan, Step Count: 172
Episode 1: Noise Penalty (D): nan
Optimization step, Loss: nan, Step Count: 173
Episode 1: Noise Penalty (D): nan
Optimization step, Loss: nan, Step Count: 174
Episode 1: Noise Penalty (D): nan
Optimization step, Loss: nan, Step Count: 175
Episode 1: Noise Penalty (D): nan
Optimization step, Loss: nan, Step Count: 176
Episode 1: Noise Penalty (D): nan
Optimization step, Loss: nan, Step Count: 177
Episode 1: Noise Penalty (D): nan
Optimization step, Loss: nan, Step Count: 178
Episode 1: Noise Penalty (D): nan
Optimization step, Loss: nan, Step Count: 179
Episode 1: Noise Penalty (D): nan
Optimization step, Loss: nan, Step Count: 180
Episode 1: Noise Penalty (D): nan
Optimization step, Loss: nan, Step Count: 181
Episode 1: Noise Penalty (D): nan
Optimization step, Loss: nan, Step Count: 182
Episode 1: Noise Penalty (D): nan
Optimization step, Loss: nan, Step Count: 183
Episode 1: Noise Penalty (D): nan
Optimization step, Loss: nan, Step Count: 184
Episode 1: Noise Penalty (D): nan
Optimization step, Loss: nan, Step Count: 185
Episode 1: Noise Penalty (D): nan
Optimization step, Loss: nan, Step Count: 186
Episode 1: Noise Penalty (D): nan
Optimization step, Loss: nan, Step Count: 187
Episode 1: Noise Penalty (D): nan
Optimization step, Loss: nan, Step Count: 188
Episode 1: Noise Penalty (D): nan
Optimization step, Loss: nan, Step Count: 189
Episode 1: Noise Penalty (D): nan
Optimization step, Loss: nan, Step Count: 190
Episode 1: Noise Penalty (D): nan
Optimization step, Loss: nan, Step Count: 191
Episode 1: Noise Penalty (D): nan
Optimization step, Loss: nan, Step Count: 192
Episode 1: Noise Penalty (D): nan
Optimization step, Loss: nan, Step Count: 193
Episode 1: Noise Penalty (D): nan
Optimization step, Loss: nan, Step Count: 194
Episode 1: Noise Penalty (D): nan
Optimization step, Loss: nan, Step Count: 195
Episode 1: Noise Penalty (D): nan
Optimization step, Loss: nan, Step Count: 196
Episode 1: Noise Penalty (D): nan
Optimization step, Loss: nan, Step Count: 197
Episode 1: Noise Penalty (D): nan
Optimization step, Loss: nan, Step Count: 198
Episode 1: Noise Penalty (D): nan
Optimization step, Loss: nan, Step Count: 199
Episode 1: Noise Penalty (D): nan
Optimization step, Loss: nan, Step Count: 200
Episode 1: Noise Penalty (D): nan
Optimization step, Loss: nan, Step Count: 201
Episode 1: Noise Penalty (D): nan
Optimization step, Loss: nan, Step Count: 202
Episode 1: Noise Penalty (D): nan
Optimization step, Loss: nan, Step Count: 203
Episode 1: Noise Penalty (D): nan
Optimization step, Loss: nan, Step Count: 204
Episode 1: Noise Penalty (D): nan
Optimization step, Loss: nan, Step Count: 205
Episode 1: Noise Penalty (D): nan
Optimization step, Loss: nan, Step Count: 206
Episode 1: Noise Penalty (D): nan
Optimization step, Loss: nan, Step Count: 207
Episode 1: Noise Penalty (D): nan
Optimization step, Loss: nan, Step Count: 208
Episode 1: Noise Penalty (D): nan
Optimization step, Loss: nan, Step Count: 209
Episode 1: Noise Penalty (D): nan
Optimization step, Loss: nan, Step Count: 210
Episode 1: Noise Penalty (D): nan
Optimization step, Loss: nan, Step Count: 211
Episode 1: Noise Penalty (D): nan
Optimization step, Loss: nan, Step Count: 212
Episode 1: Noise Penalty (D): nan
Optimization step, Loss: nan, Step Count: 213
Episode 1: Noise Penalty (D): nan
Optimization step, Loss: nan, Step Count: 214
Episode 1: Noise Penalty (D): nan
Optimization step, Loss: nan, Step Count: 215
Episode 1: Noise Penalty (D): nan
Optimization step, Loss: nan, Step Count: 216
Episode 1: Noise Penalty (D): nan
Optimization step, Loss: nan, Step Count: 217
Episode 1: Noise Penalty (D): nan
Optimization step, Loss: nan, Step Count: 218
Episode 1: Noise Penalty (D): nan
Optimization step, Loss: nan, Step Count: 219
Episode 1: Noise Penalty (D): nan
Optimization step, Loss: nan, Step Count: 220
Episode 1: Noise Penalty (D): nan
Optimization step, Loss: nan, Step Count: 221
Episode 1: Noise Penalty (D): nan
Optimization step, Loss: nan, Step Count: 222
Episode 1: Noise Penalty (D): nan
Optimization step, Loss: nan, Step Count: 223
Episode 1: Noise Penalty (D): nan
Optimization step, Loss: nan, Step Count: 224
Episode 1: Noise Penalty (D): nan
Optimization step, Loss: nan, Step Count: 225
Episode 1: Noise Penalty (D): nan
Optimization step, Loss: nan, Step Count: 226
Episode 1: Noise Penalty (D): nan
Optimization step, Loss: nan, Step Count: 227
Episode 1: Noise Penalty (D): nan
Optimization step, Loss: nan, Step Count: 228
Episode 1: Noise Penalty (D): nan
Optimization step, Loss: nan, Step Count: 229
Episode 1: Noise Penalty (D): nan
Optimization step, Loss: nan, Step Count: 230
Episode 1: Noise Penalty (D): nan
Optimization step, Loss: nan, Step Count: 231
Episode 1: Noise Penalty (D): nan
Optimization step, Loss: nan, Step Count: 232
Episode 1: Noise Penalty (D): nan
Optimization step, Loss: nan, Step Count: 233
Episode 1: Noise Penalty (D): nan
Optimization step, Loss: nan, Step Count: 234
Episode 1: Noise Penalty (D): nan
Optimization step, Loss: nan, Step Count: 235
Episode 1: Noise Penalty (D): nan
Optimization step, Loss: nan, Step Count: 236
Episode 1: Noise Penalty (D): nan
Optimization step, Loss: nan, Step Count: 237
Episode 1: Noise Penalty (D): nan
Optimization step, Loss: nan, Step Count: 238
Episode 1: Noise Penalty (D): nan
Optimization step, Loss: nan, Step Count: 239
Episode 1: Noise Penalty (D): nan
Optimization step, Loss: nan, Step Count: 240
Episode 1: Noise Penalty (D): nan
Optimization step, Loss: nan, Step Count: 241
Episode 1: Noise Penalty (D): nan
Optimization step, Loss: nan, Step Count: 242
Episode 1: Noise Penalty (D): nan
Optimization step, Loss: nan, Step Count: 243
Episode 1: Noise Penalty (D): nan
Optimization step, Loss: nan, Step Count: 244
Episode 1: Noise Penalty (D): nan
Optimization step, Loss: nan, Step Count: 245
Episode 1: Noise Penalty (D): nan
Optimization step, Loss: nan, Step Count: 246
Episode 1: Noise Penalty (D): nan
Optimization step, Loss: nan, Step Count: 247
Episode 1: Noise Penalty (D): nan
Optimization step, Loss: nan, Step Count: 248
Episode 1: Noise Penalty (D): nan
Optimization step, Loss: nan, Step Count: 249
Episode 1: Noise Penalty (D): nan
Optimization step, Loss: nan, Step Count: 250
Episode 1: Noise Penalty (D): nan
Optimization step, Loss: nan, Step Count: 251
Episode 1: Noise Penalty (D): nan
Optimization step, Loss: nan, Step Count: 252
Episode 1: Noise Penalty (D): nan
Optimization step, Loss: nan, Step Count: 253
Episode 1: Noise Penalty (D): nan
Optimization step, Loss: nan, Step Count: 254
Episode 1: Noise Penalty (D): nan
Optimization step, Loss: nan, Step Count: 255
Episode 1: Noise Penalty (D): nan
Optimization step, Loss: nan, Step Count: 256
Episode 1: Noise Penalty (D): nan
Optimization step, Loss: nan, Step Count: 257
Episode 1: Noise Penalty (D): nan
Optimization step, Loss: nan, Step Count: 258
Episode 1: Noise Penalty (D): nan
Optimization step, Loss: nan, Step Count: 259
Episode 1: Noise Penalty (D): nan
Optimization step, Loss: nan, Step Count: 260
Episode 1: Noise Penalty (D): nan
Optimization step, Loss: nan, Step Count: 261
Episode 1: Noise Penalty (D): nan
Optimization step, Loss: nan, Step Count: 262
Episode 1: Noise Penalty (D): nan
Optimization step, Loss: nan, Step Count: 263
Episode 1: Noise Penalty (D): nan
Optimization step, Loss: nan, Step Count: 264
Episode 1: Noise Penalty (D): nan
Optimization step, Loss: nan, Step Count: 265
Episode 1: Noise Penalty (D): nan
Optimization step, Loss: nan, Step Count: 266
Episode 1: Noise Penalty (D): nan
Optimization step, Loss: nan, Step Count: 267
Episode 1: Noise Penalty (D): nan
Optimization step, Loss: nan, Step Count: 268
Episode 1: Noise Penalty (D): nan
Optimization step, Loss: nan, Step Count: 269
Episode 1: Noise Penalty (D): nan
Optimization step, Loss: nan, Step Count: 270
Episode 1: Noise Penalty (D): nan
Optimization step, Loss: nan, Step Count: 271
Episode 1: Noise Penalty (D): nan
Optimization step, Loss: nan, Step Count: 272
Episode 1: Noise Penalty (D): nan
Optimization step, Loss: nan, Step Count: 273
Episode 1: Noise Penalty (D): nan
Optimization step, Loss: nan, Step Count: 274
Episode 1: Noise Penalty (D): nan
Optimization step, Loss: nan, Step Count: 275
Episode 1: Noise Penalty (D): nan
Optimization step, Loss: nan, Step Count: 276
Episode 1: Noise Penalty (D): nan
Optimization step, Loss: nan, Step Count: 277
Episode 1: Noise Penalty (D): nan
Optimization step, Loss: nan, Step Count: 278
Episode 1: Noise Penalty (D): nan
Optimization step, Loss: nan, Step Count: 279
Episode 1: Noise Penalty (D): nan
Optimization step, Loss: nan, Step Count: 280
Episode 1: Noise Penalty (D): nan
Optimization step, Loss: nan, Step Count: 281
Episode 1: Noise Penalty (D): nan
Optimization step, Loss: nan, Step Count: 282
Episode 1: Noise Penalty (D): nan
Optimization step, Loss: nan, Step Count: 283
Episode 1: Noise Penalty (D): nan
Optimization step, Loss: nan, Step Count: 284
Episode 1: Noise Penalty (D): nan
Optimization step, Loss: nan, Step Count: 285
Episode 1: Noise Penalty (D): nan
Optimization step, Loss: nan, Step Count: 286
Episode 1: Noise Penalty (D): nan
Optimization step, Loss: nan, Step Count: 287
Episode 1: Noise Penalty (D): nan
Optimization step, Loss: nan, Step Count: 288
Episode 1: Noise Penalty (D): nan
Optimization step, Loss: nan, Step Count: 289
Episode 1: Noise Penalty (D): nan
Optimization step, Loss: nan, Step Count: 290
Episode 1: Noise Penalty (D): nan
Optimization step, Loss: nan, Step Count: 291
Episode 1: Noise Penalty (D): nan
Optimization step, Loss: nan, Step Count: 292
Episode 1: Noise Penalty (D): nan
Optimization step, Loss: nan, Step Count: 293
Episode 1: Noise Penalty (D): nan
Optimization step, Loss: nan, Step Count: 294
Episode 1: Noise Penalty (D): nan
Optimization step, Loss: nan, Step Count: 295
Episode 1: Noise Penalty (D): nan
Optimization step, Loss: nan, Step Count: 296
Episode 1: Noise Penalty (D): nan
Optimization step, Loss: nan, Step Count: 297
Episode 1: Noise Penalty (D): nan
Optimization step, Loss: nan, Step Count: 298
Episode 1: Noise Penalty (D): nan
Optimization step, Loss: nan, Step Count: 299
Episode 1: Noise Penalty (D): nan
Optimization step, Loss: nan, Step Count: 300
Episode 1: Noise Penalty (D): nan
Optimization step, Loss: nan, Step Count: 301
Episode 1: Noise Penalty (D): nan
Optimization step, Loss: nan, Step Count: 302
Episode 1: Noise Penalty (D): nan
Optimization step, Loss: nan, Step Count: 303
Episode 1: Noise Penalty (D): nan
Optimization step, Loss: nan, Step Count: 304
Episode 1: Noise Penalty (D): nan
Optimization step, Loss: nan, Step Count: 305
Episode 1: Noise Penalty (D): nan
Optimization step, Loss: nan, Step Count: 306
Episode 1: Noise Penalty (D): nan
Optimization step, Loss: nan, Step Count: 307
Episode 1: Noise Penalty (D): nan
Optimization step, Loss: nan, Step Count: 308
Episode 1: Noise Penalty (D): nan
Optimization step, Loss: nan, Step Count: 309
Episode 1: Noise Penalty (D): nan
Optimization step, Loss: nan, Step Count: 310
Episode 1: Noise Penalty (D): nan
Optimization step, Loss: nan, Step Count: 311
Episode 1: Noise Penalty (D): nan
Optimization step, Loss: nan, Step Count: 312
Episode 1: Noise Penalty (D): nan
Optimization step, Loss: nan, Step Count: 313
Episode 1: Noise Penalty (D): nan
Optimization step, Loss: nan, Step Count: 314
Episode 1: Noise Penalty (D): nan
Optimization step, Loss: nan, Step Count: 315
Episode 1: Noise Penalty (D): nan
Optimization step, Loss: nan, Step Count: 316
Episode 1: Noise Penalty (D): nan
Optimization step, Loss: nan, Step Count: 317
Episode 1: Noise Penalty (D): nan
Optimization step, Loss: nan, Step Count: 318
Episode 1: Noise Penalty (D): nan
Optimization step, Loss: nan, Step Count: 319
Episode 1: Noise Penalty (D): nan
Optimization step, Loss: nan, Step Count: 320
Episode 1: Noise Penalty (D): nan
Optimization step, Loss: nan, Step Count: 321
Episode 1: Noise Penalty (D): nan
Optimization step, Loss: nan, Step Count: 322
Episode 1: Noise Penalty (D): nan
Optimization step, Loss: nan, Step Count: 323
Episode 1: Noise Penalty (D): nan
Optimization step, Loss: nan, Step Count: 324
Episode 1: Noise Penalty (D): nan
Optimization step, Loss: nan, Step Count: 325
Episode 1: Noise Penalty (D): nan
Optimization step, Loss: nan, Step Count: 326
Episode 1: Noise Penalty (D): nan
Optimization step, Loss: nan, Step Count: 327
Episode 1: Noise Penalty (D): nan
Optimization step, Loss: nan, Step Count: 328
Episode 1: Noise Penalty (D): nan
Optimization step, Loss: nan, Step Count: 329
Episode 1: Noise Penalty (D): nan
Optimization step, Loss: nan, Step Count: 330
Episode 1: Noise Penalty (D): nan
Optimization step, Loss: nan, Step Count: 331
Episode 1: Noise Penalty (D): nan
Optimization step, Loss: nan, Step Count: 332
Episode 1: Noise Penalty (D): nan
Optimization step, Loss: nan, Step Count: 333
Episode 1: Noise Penalty (D): nan
Optimization step, Loss: nan, Step Count: 334
Episode 1: Noise Penalty (D): nan
Optimization step, Loss: nan, Step Count: 335
Episode 1: Noise Penalty (D): nan
Optimization step, Loss: nan, Step Count: 336
Episode 1: Noise Penalty (D): nan
Optimization step, Loss: nan, Step Count: 337
Episode 1: Noise Penalty (D): nan
Optimization step, Loss: nan, Step Count: 338
Episode 1: Noise Penalty (D): nan
Optimization step, Loss: nan, Step Count: 339
Episode 1: Noise Penalty (D): nan
Optimization step, Loss: nan, Step Count: 340
Episode 1: Noise Penalty (D): nan
Optimization step, Loss: nan, Step Count: 341
Episode 1: Noise Penalty (D): nan
Optimization step, Loss: nan, Step Count: 342
Episode 1: Noise Penalty (D): nan
Optimization step, Loss: nan, Step Count: 343
Episode 1: Noise Penalty (D): nan
Optimization step, Loss: nan, Step Count: 344
Episode 1: Noise Penalty (D): nan
Optimization step, Loss: nan, Step Count: 345
Episode 1: Noise Penalty (D): nan
Optimization step, Loss: nan, Step Count: 346
Episode 1: Noise Penalty (D): nan
Optimization step, Loss: nan, Step Count: 347
Episode 1: Noise Penalty (D): nan
Optimization step, Loss: nan, Step Count: 348
Episode 1: Noise Penalty (D): nan
Optimization step, Loss: nan, Step Count: 349
Episode 1: Noise Penalty (D): nan
Optimization step, Loss: nan, Step Count: 350
Episode 1: Noise Penalty (D): nan
Optimization step, Loss: nan, Step Count: 351
Episode 1: Noise Penalty (D): nan
Optimization step, Loss: nan, Step Count: 352
Episode 1: Noise Penalty (D): nan
Optimization step, Loss: nan, Step Count: 353
Episode 1: Noise Penalty (D): nan
Optimization step, Loss: nan, Step Count: 354
Episode 1: Noise Penalty (D): nan
Optimization step, Loss: nan, Step Count: 355
Episode 1: Noise Penalty (D): nan
Optimization step, Loss: nan, Step Count: 356
Episode 1: Noise Penalty (D): nan
Optimization step, Loss: nan, Step Count: 357
Episode 1: Noise Penalty (D): nan
Optimization step, Loss: nan, Step Count: 358
Episode 1: Noise Penalty (D): nan
Optimization step, Loss: nan, Step Count: 359
Episode 1: Noise Penalty (D): nan
Optimization step, Loss: nan, Step Count: 360
Episode 1: Noise Penalty (D): nan
Optimization step, Loss: nan, Step Count: 361
Episode 1: Noise Penalty (D): nan
Optimization step, Loss: nan, Step Count: 362
Episode 1: Noise Penalty (D): nan
Optimization step, Loss: nan, Step Count: 363
Episode 1: Noise Penalty (D): nan
Optimization step, Loss: nan, Step Count: 364
Episode 1: Noise Penalty (D): nan
Optimization step, Loss: nan, Step Count: 365
Episode 1: Noise Penalty (D): nan
Optimization step, Loss: nan, Step Count: 366
Episode 1: Noise Penalty (D): nan
Optimization step, Loss: nan, Step Count: 367
Episode 1: Noise Penalty (D): nan
Optimization step, Loss: nan, Step Count: 368
Episode 1: Noise Penalty (D): nan
Optimization step, Loss: nan, Step Count: 369
Episode 1: Noise Penalty (D): nan
Optimization step, Loss: nan, Step Count: 370
Episode 1: Noise Penalty (D): nan
Optimization step, Loss: nan, Step Count: 371
Episode 1: Noise Penalty (D): nan
Optimization step, Loss: nan, Step Count: 372
Episode 1: Noise Penalty (D): nan
Optimization step, Loss: nan, Step Count: 373
Episode 1: Noise Penalty (D): nan
Optimization step, Loss: nan, Step Count: 374
Episode 1: Noise Penalty (D): nan
Optimization step, Loss: nan, Step Count: 375
Episode 1: Noise Penalty (D): nan
Optimization step, Loss: nan, Step Count: 376
Episode 1: Noise Penalty (D): nan
Optimization step, Loss: nan, Step Count: 377
Episode 1: Noise Penalty (D): nan
Optimization step, Loss: nan, Step Count: 378
Episode 1: Noise Penalty (D): nan
Optimization step, Loss: nan, Step Count: 379
Episode 1: Noise Penalty (D): nan
Optimization step, Loss: nan, Step Count: 380
Episode 1: Noise Penalty (D): nan
Optimization step, Loss: nan, Step Count: 381
Episode 1: Noise Penalty (D): nan
Optimization step, Loss: nan, Step Count: 382
Episode 1: Noise Penalty (D): nan
Optimization step, Loss: nan, Step Count: 383
Episode 1: Noise Penalty (D): nan
Optimization step, Loss: nan, Step Count: 384
Episode 1: Noise Penalty (D): nan
Optimization step, Loss: nan, Step Count: 385
Episode 1: Noise Penalty (D): nan
Optimization step, Loss: nan, Step Count: 386
Episode 1: Noise Penalty (D): nan
Optimization step, Loss: nan, Step Count: 387
Episode 1: Noise Penalty (D): nan
Optimization step, Loss: nan, Step Count: 388
Episode 1: Noise Penalty (D): nan
Optimization step, Loss: nan, Step Count: 389
Episode 1: Noise Penalty (D): nan
Optimization step, Loss: nan, Step Count: 390
Episode 1: Noise Penalty (D): nan
Optimization step, Loss: nan, Step Count: 391
Episode 1: Noise Penalty (D): nan
Optimization step, Loss: nan, Step Count: 392
Episode 1: Noise Penalty (D): nan
Optimization step, Loss: nan, Step Count: 393
Episode 1: Noise Penalty (D): nan
Optimization step, Loss: nan, Step Count: 394
Episode 1: Noise Penalty (D): nan
Optimization step, Loss: nan, Step Count: 395
Episode 1: Noise Penalty (D): nan
Optimization step, Loss: nan, Step Count: 396
Episode 1: Noise Penalty (D): nan
Optimization step, Loss: nan, Step Count: 397
Episode 1: Noise Penalty (D): nan
Optimization step, Loss: nan, Step Count: 398
Episode 1: Noise Penalty (D): nan
Optimization step, Loss: nan, Step Count: 399
Episode 1: Noise Penalty (D): nan
Optimization step, Loss: nan, Step Count: 400
Episode 1: Noise Penalty (D): nan
Optimization step, Loss: nan, Step Count: 401
Episode 1: Noise Penalty (D): nan
Optimization step, Loss: nan, Step Count: 402
Episode 1: Noise Penalty (D): nan
Optimization step, Loss: nan, Step Count: 403
Episode 1: Noise Penalty (D): nan
Optimization step, Loss: nan, Step Count: 404
Episode 1: Noise Penalty (D): nan
Optimization step, Loss: nan, Step Count: 405
Episode 1: Noise Penalty (D): nan
Optimization step, Loss: nan, Step Count: 406
Episode 1: Noise Penalty (D): nan
Optimization step, Loss: nan, Step Count: 407
Episode 1: Noise Penalty (D): nan
Optimization step, Loss: nan, Step Count: 408
Episode 1: Noise Penalty (D): nan
Optimization step, Loss: nan, Step Count: 409
Episode 1: Noise Penalty (D): nan
Optimization step, Loss: nan, Step Count: 410
Episode 1: Noise Penalty (D): nan
Optimization step, Loss: nan, Step Count: 411
Episode 1: Noise Penalty (D): nan
Optimization step, Loss: nan, Step Count: 412
Episode 1: Noise Penalty (D): nan
Optimization step, Loss: nan, Step Count: 413
Episode 1: Noise Penalty (D): nan
Optimization step, Loss: nan, Step Count: 414
Episode 1: Noise Penalty (D): nan
Optimization step, Loss: nan, Step Count: 415
Episode 1: Noise Penalty (D): nan
Optimization step, Loss: nan, Step Count: 416
Episode 1: Noise Penalty (D): nan
Optimization step, Loss: nan, Step Count: 417
Episode 1: Noise Penalty (D): nan
Optimization step, Loss: nan, Step Count: 418
Episode 1: Noise Penalty (D): nan
Optimization step, Loss: nan, Step Count: 419
Episode 1: Noise Penalty (D): nan
Optimization step, Loss: nan, Step Count: 420
Episode 1: Noise Penalty (D): nan
Optimization step, Loss: nan, Step Count: 421
Episode 1: Noise Penalty (D): nan
Optimization step, Loss: nan, Step Count: 422
Episode 1: Noise Penalty (D): nan
Optimization step, Loss: nan, Step Count: 423
Episode 1: Noise Penalty (D): nan
Optimization step, Loss: nan, Step Count: 424
Episode 1: Noise Penalty (D): nan
Optimization step, Loss: nan, Step Count: 425
Episode 1: Noise Penalty (D): nan
Optimization step, Loss: nan, Step Count: 426
Episode 1: Noise Penalty (D): nan
Optimization step, Loss: nan, Step Count: 427
Episode 1: Noise Penalty (D): nan
Optimization step, Loss: nan, Step Count: 428
Episode 1: Noise Penalty (D): nan
Optimization step, Loss: nan, Step Count: 429
Episode 1: Noise Penalty (D): nan
Optimization step, Loss: nan, Step Count: 430
Episode 1: Noise Penalty (D): nan
Optimization step, Loss: nan, Step Count: 431
Episode 1: Noise Penalty (D): nan
Optimization step, Loss: nan, Step Count: 432
Episode 1: Noise Penalty (D): nan
Optimization step, Loss: nan, Step Count: 433
Episode 1: Noise Penalty (D): nan
Optimization step, Loss: nan, Step Count: 434
Episode 1: Noise Penalty (D): nan
Optimization step, Loss: nan, Step Count: 435
Episode 1: Noise Penalty (D): nan
Optimization step, Loss: nan, Step Count: 436
Episode 1: Noise Penalty (D): nan
Optimization step, Loss: nan, Step Count: 437
Episode 1: Noise Penalty (D): nan
Optimization step, Loss: nan, Step Count: 438
Episode 1: Noise Penalty (D): nan
Optimization step, Loss: nan, Step Count: 439
Episode 1: Noise Penalty (D): nan
Optimization step, Loss: nan, Step Count: 440
Episode 1: Noise Penalty (D): nan
Optimization step, Loss: nan, Step Count: 441
Episode 1: Noise Penalty (D): nan
Optimization step, Loss: nan, Step Count: 442
Episode 1: Noise Penalty (D): nan
Optimization step, Loss: nan, Step Count: 443
Episode 1: Noise Penalty (D): nan
Optimization step, Loss: nan, Step Count: 444
Episode 1: Noise Penalty (D): nan
Optimization step, Loss: nan, Step Count: 445
Episode 1: Noise Penalty (D): nan
Optimization step, Loss: nan, Step Count: 446
Episode 1: Noise Penalty (D): nan
Optimization step, Loss: nan, Step Count: 447
Episode 1: Noise Penalty (D): nan
Optimization step, Loss: nan, Step Count: 448
Episode 1: Noise Penalty (D): nan
Optimization step, Loss: nan, Step Count: 449
Episode 1: Noise Penalty (D): nan
Optimization step, Loss: nan, Step Count: 450
Episode 1: Noise Penalty (D): nan
Optimization step, Loss: nan, Step Count: 451
Episode 1: Noise Penalty (D): nan
Optimization step, Loss: nan, Step Count: 452
Episode 1: Noise Penalty (D): nan
Optimization step, Loss: nan, Step Count: 453
Episode 1: Noise Penalty (D): nan
Optimization step, Loss: nan, Step Count: 454
Episode 1: Noise Penalty (D): nan
Optimization step, Loss: nan, Step Count: 455
Episode 1: Noise Penalty (D): nan
Optimization step, Loss: nan, Step Count: 456
Episode 1: Noise Penalty (D): nan
Optimization step, Loss: nan, Step Count: 457
Episode 1: Noise Penalty (D): nan
Optimization step, Loss: nan, Step Count: 458
Episode 1: Noise Penalty (D): nan
Optimization step, Loss: nan, Step Count: 459
Episode 1: Noise Penalty (D): nan
Optimization step, Loss: nan, Step Count: 460
Episode 1: Noise Penalty (D): nan
Optimization step, Loss: nan, Step Count: 461
Episode 1: Noise Penalty (D): nan
Optimization step, Loss: nan, Step Count: 462
Episode 1: Noise Penalty (D): nan
Optimization step, Loss: nan, Step Count: 463
Episode 1: Noise Penalty (D): nan
Optimization step, Loss: nan, Step Count: 464
Episode 1: Noise Penalty (D): nan
Optimization step, Loss: nan, Step Count: 465
Episode 1: Noise Penalty (D): nan
Optimization step, Loss: nan, Step Count: 466
Episode 1: Noise Penalty (D): nan
Optimization step, Loss: nan, Step Count: 467
Episode 1: Noise Penalty (D): nan
Optimization step, Loss: nan, Step Count: 468
Episode 1: Noise Penalty (D): nan
Optimization step, Loss: nan, Step Count: 469
Episode 1: Noise Penalty (D): nan
Optimization step, Loss: nan, Step Count: 470
Episode 1: Noise Penalty (D): nan
Optimization step, Loss: nan, Step Count: 471
Episode 1: Noise Penalty (D): nan
Optimization step, Loss: nan, Step Count: 472
Episode 1: Noise Penalty (D): nan
Optimization step, Loss: nan, Step Count: 473
Episode 1: Noise Penalty (D): nan
Optimization step, Loss: nan, Step Count: 474
Episode 1: Noise Penalty (D): nan
Optimization step, Loss: nan, Step Count: 475
Episode 1: Noise Penalty (D): nan
Optimization step, Loss: nan, Step Count: 476
Episode 1: Noise Penalty (D): nan
Optimization step, Loss: nan, Step Count: 477
Episode 1: Noise Penalty (D): nan
Optimization step, Loss: nan, Step Count: 478
Episode 1: Noise Penalty (D): nan
Optimization step, Loss: nan, Step Count: 479
Episode 1: Noise Penalty (D): nan
Optimization step, Loss: nan, Step Count: 480
Episode 1: Noise Penalty (D): nan
Optimization step, Loss: nan, Step Count: 481
Episode 1: Noise Penalty (D): nan
Optimization step, Loss: nan, Step Count: 482
Episode 1: Noise Penalty (D): nan
Optimization step, Loss: nan, Step Count: 483
Episode 1: Noise Penalty (D): nan
Optimization step, Loss: nan, Step Count: 484
Episode 1: Noise Penalty (D): nan
Optimization step, Loss: nan, Step Count: 485
Episode 1: Noise Penalty (D): nan
Optimization step, Loss: nan, Step Count: 486
Episode 1: Noise Penalty (D): nan
Optimization step, Loss: nan, Step Count: 487
Episode 1: Noise Penalty (D): nan
Optimization step, Loss: nan, Step Count: 488
Episode 1: Noise Penalty (D): nan
Optimization step, Loss: nan, Step Count: 489
Episode 1: Noise Penalty (D): nan
Optimization step, Loss: nan, Step Count: 490
Episode 1: Noise Penalty (D): nan
Optimization step, Loss: nan, Step Count: 491
Episode 1: Noise Penalty (D): nan
Optimization step, Loss: nan, Step Count: 492
Episode 1: Noise Penalty (D): nan
Optimization step, Loss: nan, Step Count: 493
Episode 1: Noise Penalty (D): nan
Optimization step, Loss: nan, Step Count: 494
Episode 1: Noise Penalty (D): nan
Optimization step, Loss: nan, Step Count: 495
Episode 1: Noise Penalty (D): nan
Optimization step, Loss: nan, Step Count: 496
Episode 1: Noise Penalty (D): nan
Optimization step, Loss: nan, Step Count: 497
Episode 1: Noise Penalty (D): nan
Optimization step, Loss: nan, Step Count: 498
Episode 1: Noise Penalty (D): nan
Optimization step, Loss: nan, Step Count: 499
Episode 1: Noise Penalty (D): nan
Optimization step, Loss: nan, Step Count: 500
Episode 0: Reward: 500.00, Epsilon: 0.0816, k: 1.0000, Min Reward: 1.00, Max Reward: 500.00, Noise Penalty Scale: 0.1000, Mean Reaward: 1.0, Std Reward: 9.999999974752427e-07,
Episode 2: Noise Penalty (D): nan
Optimization step, Loss: nan, Step Count: 501
Episode 2: Noise Penalty (D): nan
Optimization step, Loss: nan, Step Count: 502
Episode 2: Noise Penalty (D): nan
Optimization step, Loss: nan, Step Count: 503
Episode 2: Noise Penalty (D): nan
Optimization step, Loss: nan, Step Count: 504
Episode 2: Noise Penalty (D): nan
Optimization step, Loss: nan, Step Count: 505
Episode 2: Noise Penalty (D): nan
Optimization step, Loss: nan, Step Count: 506
Episode 2: Noise Penalty (D): nan
Optimization step, Loss: nan, Step Count: 507
Episode 2: Noise Penalty (D): nan
Optimization step, Loss: nan, Step Count: 508
Episode 2: Noise Penalty (D): nan
Optimization step, Loss: nan, Step Count: 509
Episode 2: Noise Penalty (D): nan
Optimization step, Loss: nan, Step Count: 510
Episode 2: Noise Penalty (D): nan
Optimization step, Loss: nan, Step Count: 511
Episode 2: Noise Penalty (D): nan
Optimization step, Loss: nan, Step Count: 512
Episode 2: Noise Penalty (D): nan
Optimization step, Loss: nan, Step Count: 513
Episode 2: Noise Penalty (D): nan
Optimization step, Loss: nan, Step Count: 514
Episode 2: Noise Penalty (D): nan
Optimization step, Loss: nan, Step Count: 515
Episode 2: Noise Penalty (D): nan
Optimization step, Loss: nan, Step Count: 516
Episode 2: Noise Penalty (D): nan
Optimization step, Loss: nan, Step Count: 517
Episode 2: Noise Penalty (D): nan
Optimization step, Loss: nan, Step Count: 518
Episode 2: Noise Penalty (D): nan
Optimization step, Loss: nan, Step Count: 519
Episode 2: Noise Penalty (D): nan
Optimization step, Loss: nan, Step Count: 520
Episode 2: Noise Penalty (D): nan
Optimization step, Loss: nan, Step Count: 521
Episode 2: Noise Penalty (D): nan
Optimization step, Loss: nan, Step Count: 522
Episode 2: Noise Penalty (D): nan
Optimization step, Loss: nan, Step Count: 523
Episode 2: Noise Penalty (D): nan
Optimization step, Loss: nan, Step Count: 524
Episode 2: Noise Penalty (D): nan
Optimization step, Loss: nan, Step Count: 525
Episode 2: Noise Penalty (D): nan
Optimization step, Loss: nan, Step Count: 526
Episode 2: Noise Penalty (D): nan
Optimization step, Loss: nan, Step Count: 527
Episode 2: Noise Penalty (D): nan
Optimization step, Loss: nan, Step Count: 528
Episode 2: Noise Penalty (D): nan
Optimization step, Loss: nan, Step Count: 529
Episode 2: Noise Penalty (D): nan
Optimization step, Loss: nan, Step Count: 530
Episode 2: Noise Penalty (D): nan
Optimization step, Loss: nan, Step Count: 531
Episode 2: Noise Penalty (D): nan
Optimization step, Loss: nan, Step Count: 532
Episode 2: Noise Penalty (D): nan
Optimization step, Loss: nan, Step Count: 533
Episode 2: Noise Penalty (D): nan
Optimization step, Loss: nan, Step Count: 534
Episode 2: Noise Penalty (D): nan
Optimization step, Loss: nan, Step Count: 535
Episode 2: Noise Penalty (D): nan
Optimization step, Loss: nan, Step Count: 536
Episode 2: Noise Penalty (D): nan
Optimization step, Loss: nan, Step Count: 537
Episode 2: Noise Penalty (D): nan
Optimization step, Loss: nan, Step Count: 538
Episode 2: Noise Penalty (D): nan
Optimization step, Loss: nan, Step Count: 539
Episode 2: Noise Penalty (D): nan
Optimization step, Loss: nan, Step Count: 540
Episode 2: Noise Penalty (D): nan
Optimization step, Loss: nan, Step Count: 541
Episode 2: Noise Penalty (D): nan
Optimization step, Loss: nan, Step Count: 542
Episode 2: Noise Penalty (D): nan
Optimization step, Loss: nan, Step Count: 543
Episode 2: Noise Penalty (D): nan
Optimization step, Loss: nan, Step Count: 544
Episode 2: Noise Penalty (D): nan
Optimization step, Loss: nan, Step Count: 545
Episode 2: Noise Penalty (D): nan
Optimization step, Loss: nan, Step Count: 546
Episode 2: Noise Penalty (D): nan
Optimization step, Loss: nan, Step Count: 547
Episode 2: Noise Penalty (D): nan
Optimization step, Loss: nan, Step Count: 548
Episode 2: Noise Penalty (D): nan
Optimization step, Loss: nan, Step Count: 549
Episode 2: Noise Penalty (D): nan
Optimization step, Loss: nan, Step Count: 550
Episode 2: Noise Penalty (D): nan
Optimization step, Loss: nan, Step Count: 551
Episode 2: Noise Penalty (D): nan
Optimization step, Loss: nan, Step Count: 552
Episode 2: Noise Penalty (D): nan
Optimization step, Loss: nan, Step Count: 553
Episode 2: Noise Penalty (D): nan
Optimization step, Loss: nan, Step Count: 554
Episode 2: Noise Penalty (D): nan
Optimization step, Loss: nan, Step Count: 555
Episode 2: Noise Penalty (D): nan
Optimization step, Loss: nan, Step Count: 556
Episode 2: Noise Penalty (D): nan
Optimization step, Loss: nan, Step Count: 557
Episode 2: Noise Penalty (D): nan
Optimization step, Loss: nan, Step Count: 558
Episode 2: Noise Penalty (D): nan
Optimization step, Loss: nan, Step Count: 559
Episode 2: Noise Penalty (D): nan
Optimization step, Loss: nan, Step Count: 560
Episode 2: Noise Penalty (D): nan
Optimization step, Loss: nan, Step Count: 561
Episode 2: Noise Penalty (D): nan
Optimization step, Loss: nan, Step Count: 562
Episode 2: Noise Penalty (D): nan
Optimization step, Loss: nan, Step Count: 563
Episode 2: Noise Penalty (D): nan
Optimization step, Loss: nan, Step Count: 564
Episode 2: Noise Penalty (D): nan
Optimization step, Loss: nan, Step Count: 565
Episode 2: Noise Penalty (D): nan
Optimization step, Loss: nan, Step Count: 566
Episode 2: Noise Penalty (D): nan
Optimization step, Loss: nan, Step Count: 567
Episode 2: Noise Penalty (D): nan
Optimization step, Loss: nan, Step Count: 568
Episode 2: Noise Penalty (D): nan
Optimization step, Loss: nan, Step Count: 569
Episode 2: Noise Penalty (D): nan
Optimization step, Loss: nan, Step Count: 570
Episode 2: Noise Penalty (D): nan
Optimization step, Loss: nan, Step Count: 571
Episode 2: Noise Penalty (D): nan
Optimization step, Loss: nan, Step Count: 572
Episode 2: Noise Penalty (D): nan
Optimization step, Loss: nan, Step Count: 573
Episode 2: Noise Penalty (D): nan
Optimization step, Loss: nan, Step Count: 574
Episode 2: Noise Penalty (D): nan
Optimization step, Loss: nan, Step Count: 575
Episode 2: Noise Penalty (D): nan
Optimization step, Loss: nan, Step Count: 576
Episode 2: Noise Penalty (D): nan
Optimization step, Loss: nan, Step Count: 577
Episode 2: Noise Penalty (D): nan
Optimization step, Loss: nan, Step Count: 578
Episode 2: Noise Penalty (D): nan
Optimization step, Loss: nan, Step Count: 579
Episode 2: Noise Penalty (D): nan
Optimization step, Loss: nan, Step Count: 580
Episode 2: Noise Penalty (D): nan
Optimization step, Loss: nan, Step Count: 581
Episode 2: Noise Penalty (D): nan
Optimization step, Loss: nan, Step Count: 582
Episode 2: Noise Penalty (D): nan
Optimization step, Loss: nan, Step Count: 583
Episode 2: Noise Penalty (D): nan
Optimization step, Loss: nan, Step Count: 584
Episode 2: Noise Penalty (D): nan
Optimization step, Loss: nan, Step Count: 585
Episode 2: Noise Penalty (D): nan
Optimization step, Loss: nan, Step Count: 586
Episode 2: Noise Penalty (D): nan
Optimization step, Loss: nan, Step Count: 587
Episode 2: Noise Penalty (D): nan
Optimization step, Loss: nan, Step Count: 588
Episode 2: Noise Penalty (D): nan
Optimization step, Loss: nan, Step Count: 589
Episode 2: Noise Penalty (D): nan
Optimization step, Loss: nan, Step Count: 590
Episode 2: Noise Penalty (D): nan
Optimization step, Loss: nan, Step Count: 591
Episode 2: Noise Penalty (D): nan
Optimization step, Loss: nan, Step Count: 592
Episode 2: Noise Penalty (D): nan
Optimization step, Loss: nan, Step Count: 593
Episode 2: Noise Penalty (D): nan
Optimization step, Loss: nan, Step Count: 594
Episode 2: Noise Penalty (D): nan
Optimization step, Loss: nan, Step Count: 595
Episode 2: Noise Penalty (D): nan
Optimization step, Loss: nan, Step Count: 596
Episode 2: Noise Penalty (D): nan
Optimization step, Loss: nan, Step Count: 597
Episode 2: Noise Penalty (D): nan
Optimization step, Loss: nan, Step Count: 598
Episode 2: Noise Penalty (D): nan
Optimization step, Loss: nan, Step Count: 599
Episode 2: Noise Penalty (D): nan
Optimization step, Loss: nan, Step Count: 600
Episode 2: Noise Penalty (D): nan
Optimization step, Loss: nan, Step Count: 601
Episode 2: Noise Penalty (D): nan
Optimization step, Loss: nan, Step Count: 602
Episode 2: Noise Penalty (D): nan
Optimization step, Loss: nan, Step Count: 603
Episode 2: Noise Penalty (D): nan
Optimization step, Loss: nan, Step Count: 604
Episode 2: Noise Penalty (D): nan
Optimization step, Loss: nan, Step Count: 605
Episode 2: Noise Penalty (D): nan
Optimization step, Loss: nan, Step Count: 606
Episode 2: Noise Penalty (D): nan
Optimization step, Loss: nan, Step Count: 607
Episode 2: Noise Penalty (D): nan
Optimization step, Loss: nan, Step Count: 608
Episode 2: Noise Penalty (D): nan
Optimization step, Loss: nan, Step Count: 609
Episode 2: Noise Penalty (D): nan
Optimization step, Loss: nan, Step Count: 610
Episode 2: Noise Penalty (D): nan
Optimization step, Loss: nan, Step Count: 611
Episode 2: Noise Penalty (D): nan
Optimization step, Loss: nan, Step Count: 612
Episode 2: Noise Penalty (D): nan
Optimization step, Loss: nan, Step Count: 613
Episode 2: Noise Penalty (D): nan
Optimization step, Loss: nan, Step Count: 614
Episode 2: Noise Penalty (D): nan
Optimization step, Loss: nan, Step Count: 615
Episode 2: Noise Penalty (D): nan
Optimization step, Loss: nan, Step Count: 616
Episode 2: Noise Penalty (D): nan
Optimization step, Loss: nan, Step Count: 617
Episode 2: Noise Penalty (D): nan
Optimization step, Loss: nan, Step Count: 618
Episode 2: Noise Penalty (D): nan
Optimization step, Loss: nan, Step Count: 619
Episode 2: Noise Penalty (D): nan
Optimization step, Loss: nan, Step Count: 620
Episode 2: Noise Penalty (D): nan
Optimization step, Loss: nan, Step Count: 621
Episode 2: Noise Penalty (D): nan
Optimization step, Loss: nan, Step Count: 622
Episode 2: Noise Penalty (D): nan
Optimization step, Loss: nan, Step Count: 623
Episode 2: Noise Penalty (D): nan
Optimization step, Loss: nan, Step Count: 624
Episode 2: Noise Penalty (D): nan
Optimization step, Loss: nan, Step Count: 625
Episode 2: Noise Penalty (D): nan
Optimization step, Loss: nan, Step Count: 626
Episode 2: Noise Penalty (D): nan
Optimization step, Loss: nan, Step Count: 627
Episode 2: Noise Penalty (D): nan
Optimization step, Loss: nan, Step Count: 628
Episode 2: Noise Penalty (D): nan
Optimization step, Loss: nan, Step Count: 629
Episode 2: Noise Penalty (D): nan
Optimization step, Loss: nan, Step Count: 630
Episode 2: Noise Penalty (D): nan
Optimization step, Loss: nan, Step Count: 631
Episode 2: Noise Penalty (D): nan
Optimization step, Loss: nan, Step Count: 632
Episode 2: Noise Penalty (D): nan
Optimization step, Loss: nan, Step Count: 633
Episode 2: Noise Penalty (D): nan
Optimization step, Loss: nan, Step Count: 634
Episode 2: Noise Penalty (D): nan
Optimization step, Loss: nan, Step Count: 635
Episode 2: Noise Penalty (D): nan
Optimization step, Loss: nan, Step Count: 636
Episode 2: Noise Penalty (D): nan
Optimization step, Loss: nan, Step Count: 637
Episode 2: Noise Penalty (D): nan
Optimization step, Loss: nan, Step Count: 638
Episode 2: Noise Penalty (D): nan
Optimization step, Loss: nan, Step Count: 639
Episode 2: Noise Penalty (D): nan
Optimization step, Loss: nan, Step Count: 640
Episode 2: Noise Penalty (D): nan
Optimization step, Loss: nan, Step Count: 641
Episode 2: Noise Penalty (D): nan
Optimization step, Loss: nan, Step Count: 642
Episode 2: Noise Penalty (D): nan
Optimization step, Loss: nan, Step Count: 643
Episode 2: Noise Penalty (D): nan
Optimization step, Loss: nan, Step Count: 644
Episode 2: Noise Penalty (D): nan
Optimization step, Loss: nan, Step Count: 645
Episode 2: Noise Penalty (D): nan
Optimization step, Loss: nan, Step Count: 646
Episode 2: Noise Penalty (D): nan
Optimization step, Loss: nan, Step Count: 647
Episode 2: Noise Penalty (D): nan
Optimization step, Loss: nan, Step Count: 648
Episode 2: Noise Penalty (D): nan
Optimization step, Loss: nan, Step Count: 649
Episode 2: Noise Penalty (D): nan
Optimization step, Loss: nan, Step Count: 650
Episode 2: Noise Penalty (D): nan
Optimization step, Loss: nan, Step Count: 651
Episode 2: Noise Penalty (D): nan
Optimization step, Loss: nan, Step Count: 652
Episode 2: Noise Penalty (D): nan
Optimization step, Loss: nan, Step Count: 653
Episode 2: Noise Penalty (D): nan
Optimization step, Loss: nan, Step Count: 654
Episode 2: Noise Penalty (D): nan
Optimization step, Loss: nan, Step Count: 655
Episode 2: Noise Penalty (D): nan
Optimization step, Loss: nan, Step Count: 656
Episode 2: Noise Penalty (D): nan
Optimization step, Loss: nan, Step Count: 657
Episode 2: Noise Penalty (D): nan
Optimization step, Loss: nan, Step Count: 658
Episode 2: Noise Penalty (D): nan
Optimization step, Loss: nan, Step Count: 659
Episode 2: Noise Penalty (D): nan
Optimization step, Loss: nan, Step Count: 660
Episode 2: Noise Penalty (D): nan
Optimization step, Loss: nan, Step Count: 661
Episode 2: Noise Penalty (D): nan
Optimization step, Loss: nan, Step Count: 662
Episode 2: Noise Penalty (D): nan
Optimization step, Loss: nan, Step Count: 663
Episode 2: Noise Penalty (D): nan
Optimization step, Loss: nan, Step Count: 664
Episode 2: Noise Penalty (D): nan
Optimization step, Loss: nan, Step Count: 665
Episode 2: Noise Penalty (D): nan
Optimization step, Loss: nan, Step Count: 666
Episode 2: Noise Penalty (D): nan
Optimization step, Loss: nan, Step Count: 667
Episode 2: Noise Penalty (D): nan
Optimization step, Loss: nan, Step Count: 668
Episode 2: Noise Penalty (D): nan
Optimization step, Loss: nan, Step Count: 669
Episode 2: Noise Penalty (D): nan
Optimization step, Loss: nan, Step Count: 670
Episode 2: Noise Penalty (D): nan
Optimization step, Loss: nan, Step Count: 671
Episode 2: Noise Penalty (D): nan
Optimization step, Loss: nan, Step Count: 672
Episode 2: Noise Penalty (D): nan
Optimization step, Loss: nan, Step Count: 673
Episode 2: Noise Penalty (D): nan
Optimization step, Loss: nan, Step Count: 674
Episode 2: Noise Penalty (D): nan
Optimization step, Loss: nan, Step Count: 675
Episode 2: Noise Penalty (D): nan
Optimization step, Loss: nan, Step Count: 676
Episode 2: Noise Penalty (D): nan
Optimization step, Loss: nan, Step Count: 677
Episode 2: Noise Penalty (D): nan
Optimization step, Loss: nan, Step Count: 678
Episode 2: Noise Penalty (D): nan
Optimization step, Loss: nan, Step Count: 679
Episode 2: Noise Penalty (D): nan
Optimization step, Loss: nan, Step Count: 680
Episode 2: Noise Penalty (D): nan
Optimization step, Loss: nan, Step Count: 681
Episode 2: Noise Penalty (D): nan
Optimization step, Loss: nan, Step Count: 682
Episode 2: Noise Penalty (D): nan
Optimization step, Loss: nan, Step Count: 683
Episode 2: Noise Penalty (D): nan
Optimization step, Loss: nan, Step Count: 684
Episode 2: Noise Penalty (D): nan
Optimization step, Loss: nan, Step Count: 685
Episode 2: Noise Penalty (D): nan
Optimization step, Loss: nan, Step Count: 686
Episode 2: Noise Penalty (D): nan
Optimization step, Loss: nan, Step Count: 687
Episode 2: Noise Penalty (D): nan
Optimization step, Loss: nan, Step Count: 688
Episode 2: Noise Penalty (D): nan
Optimization step, Loss: nan, Step Count: 689
Episode 2: Noise Penalty (D): nan
Optimization step, Loss: nan, Step Count: 690
Episode 2: Noise Penalty (D): nan
Optimization step, Loss: nan, Step Count: 691
Episode 2: Noise Penalty (D): nan
Optimization step, Loss: nan, Step Count: 692
Episode 2: Noise Penalty (D): nan
Optimization step, Loss: nan, Step Count: 693
Episode 2: Noise Penalty (D): nan
Optimization step, Loss: nan, Step Count: 694
Episode 2: Noise Penalty (D): nan
Optimization step, Loss: nan, Step Count: 695
Episode 2: Noise Penalty (D): nan
Optimization step, Loss: nan, Step Count: 696
Episode 2: Noise Penalty (D): nan
Optimization step, Loss: nan, Step Count: 697
Episode 2: Noise Penalty (D): nan
Optimization step, Loss: nan, Step Count: 698
Episode 2: Noise Penalty (D): nan
Optimization step, Loss: nan, Step Count: 699
Episode 2: Noise Penalty (D): nan
Optimization step, Loss: nan, Step Count: 700
Episode 2: Noise Penalty (D): nan
Optimization step, Loss: nan, Step Count: 701
Episode 2: Noise Penalty (D): nan
Optimization step, Loss: nan, Step Count: 702
Episode 2: Noise Penalty (D): nan
Optimization step, Loss: nan, Step Count: 703
Episode 2: Noise Penalty (D): nan
Optimization step, Loss: nan, Step Count: 704
Episode 2: Noise Penalty (D): nan
Optimization step, Loss: nan, Step Count: 705
Episode 2: Noise Penalty (D): nan
Optimization step, Loss: nan, Step Count: 706
Episode 2: Noise Penalty (D): nan
Optimization step, Loss: nan, Step Count: 707
Episode 2: Noise Penalty (D): nan
Optimization step, Loss: nan, Step Count: 708
Episode 2: Noise Penalty (D): nan
Optimization step, Loss: nan, Step Count: 709
Episode 2: Noise Penalty (D): nan
Optimization step, Loss: nan, Step Count: 710
Episode 2: Noise Penalty (D): nan
Optimization step, Loss: nan, Step Count: 711
Episode 2: Noise Penalty (D): nan
Optimization step, Loss: nan, Step Count: 712
Episode 2: Noise Penalty (D): nan
Optimization step, Loss: nan, Step Count: 713
Episode 2: Noise Penalty (D): nan
Optimization step, Loss: nan, Step Count: 714
Episode 2: Noise Penalty (D): nan
Optimization step, Loss: nan, Step Count: 715
Episode 2: Noise Penalty (D): nan
Optimization step, Loss: nan, Step Count: 716
Episode 2: Noise Penalty (D): nan
Optimization step, Loss: nan, Step Count: 717
Episode 2: Noise Penalty (D): nan
Optimization step, Loss: nan, Step Count: 718
Episode 2: Noise Penalty (D): nan
Optimization step, Loss: nan, Step Count: 719
Episode 2: Noise Penalty (D): nan
Optimization step, Loss: nan, Step Count: 720
Episode 2: Noise Penalty (D): nan
Optimization step, Loss: nan, Step Count: 721
Episode 2: Noise Penalty (D): nan
Optimization step, Loss: nan, Step Count: 722
Episode 2: Noise Penalty (D): nan
Optimization step, Loss: nan, Step Count: 723
Episode 2: Noise Penalty (D): nan
Optimization step, Loss: nan, Step Count: 724
Episode 2: Noise Penalty (D): nan
Optimization step, Loss: nan, Step Count: 725
Episode 2: Noise Penalty (D): nan
Optimization step, Loss: nan, Step Count: 726
Episode 2: Noise Penalty (D): nan
Optimization step, Loss: nan, Step Count: 727
Episode 2: Noise Penalty (D): nan
Optimization step, Loss: nan, Step Count: 728
Episode 2: Noise Penalty (D): nan
Optimization step, Loss: nan, Step Count: 729
Episode 2: Noise Penalty (D): nan
Optimization step, Loss: nan, Step Count: 730
Episode 2: Noise Penalty (D): nan
Optimization step, Loss: nan, Step Count: 731
Episode 2: Noise Penalty (D): nan
Optimization step, Loss: nan, Step Count: 732
Episode 2: Noise Penalty (D): nan
Optimization step, Loss: nan, Step Count: 733
Episode 2: Noise Penalty (D): nan
Optimization step, Loss: nan, Step Count: 734
Episode 2: Noise Penalty (D): nan
Optimization step, Loss: nan, Step Count: 735
Episode 2: Noise Penalty (D): nan
Optimization step, Loss: nan, Step Count: 736
Episode 2: Noise Penalty (D): nan
Optimization step, Loss: nan, Step Count: 737
Episode 2: Noise Penalty (D): nan
Optimization step, Loss: nan, Step Count: 738
Episode 2: Noise Penalty (D): nan
Optimization step, Loss: nan, Step Count: 739
Episode 2: Noise Penalty (D): nan
Optimization step, Loss: nan, Step Count: 740
Episode 2: Noise Penalty (D): nan
Optimization step, Loss: nan, Step Count: 741
Episode 2: Noise Penalty (D): nan
Optimization step, Loss: nan, Step Count: 742
Episode 2: Noise Penalty (D): nan
Optimization step, Loss: nan, Step Count: 743
Episode 2: Noise Penalty (D): nan
Optimization step, Loss: nan, Step Count: 744
Episode 2: Noise Penalty (D): nan
Optimization step, Loss: nan, Step Count: 745
Episode 2: Noise Penalty (D): nan
Optimization step, Loss: nan, Step Count: 746
Episode 2: Noise Penalty (D): nan
Optimization step, Loss: nan, Step Count: 747
Episode 2: Noise Penalty (D): nan
Optimization step, Loss: nan, Step Count: 748
Episode 2: Noise Penalty (D): nan
Optimization step, Loss: nan, Step Count: 749
Episode 2: Noise Penalty (D): nan
Optimization step, Loss: nan, Step Count: 750
Episode 2: Noise Penalty (D): nan
Optimization step, Loss: nan, Step Count: 751
Episode 2: Noise Penalty (D): nan
Optimization step, Loss: nan, Step Count: 752
Episode 2: Noise Penalty (D): nan
Optimization step, Loss: nan, Step Count: 753
Episode 2: Noise Penalty (D): nan
Optimization step, Loss: nan, Step Count: 754
Episode 2: Noise Penalty (D): nan
Optimization step, Loss: nan, Step Count: 755
Episode 2: Noise Penalty (D): nan
Optimization step, Loss: nan, Step Count: 756
Episode 2: Noise Penalty (D): nan
Optimization step, Loss: nan, Step Count: 757
Episode 2: Noise Penalty (D): nan
Optimization step, Loss: nan, Step Count: 758
Episode 2: Noise Penalty (D): nan
Optimization step, Loss: nan, Step Count: 759
Episode 2: Noise Penalty (D): nan
Optimization step, Loss: nan, Step Count: 760
Episode 2: Noise Penalty (D): nan
Optimization step, Loss: nan, Step Count: 761
Episode 2: Noise Penalty (D): nan
Optimization step, Loss: nan, Step Count: 762
Episode 2: Noise Penalty (D): nan
Optimization step, Loss: nan, Step Count: 763
Episode 2: Noise Penalty (D): nan
Optimization step, Loss: nan, Step Count: 764
Episode 2: Noise Penalty (D): nan
Optimization step, Loss: nan, Step Count: 765
Episode 2: Noise Penalty (D): nan
Optimization step, Loss: nan, Step Count: 766
Episode 2: Noise Penalty (D): nan
Optimization step, Loss: nan, Step Count: 767
Episode 2: Noise Penalty (D): nan
Optimization step, Loss: nan, Step Count: 768
Episode 2: Noise Penalty (D): nan
Optimization step, Loss: nan, Step Count: 769
Episode 2: Noise Penalty (D): nan
Optimization step, Loss: nan, Step Count: 770
Episode 2: Noise Penalty (D): nan
Optimization step, Loss: nan, Step Count: 771
Episode 2: Noise Penalty (D): nan
Optimization step, Loss: nan, Step Count: 772
Episode 2: Noise Penalty (D): nan
Optimization step, Loss: nan, Step Count: 773
Episode 2: Noise Penalty (D): nan
Optimization step, Loss: nan, Step Count: 774
Episode 2: Noise Penalty (D): nan
Optimization step, Loss: nan, Step Count: 775
Episode 2: Noise Penalty (D): nan
Optimization step, Loss: nan, Step Count: 776
Episode 2: Noise Penalty (D): nan
Optimization step, Loss: nan, Step Count: 777
Episode 2: Noise Penalty (D): nan
Optimization step, Loss: nan, Step Count: 778
Episode 2: Noise Penalty (D): nan
Optimization step, Loss: nan, Step Count: 779
Episode 2: Noise Penalty (D): nan
Optimization step, Loss: nan, Step Count: 780
Episode 2: Noise Penalty (D): nan
Optimization step, Loss: nan, Step Count: 781
Episode 2: Noise Penalty (D): nan
Optimization step, Loss: nan, Step Count: 782
Episode 2: Noise Penalty (D): nan
Optimization step, Loss: nan, Step Count: 783
Episode 2: Noise Penalty (D): nan
Optimization step, Loss: nan, Step Count: 784
Episode 2: Noise Penalty (D): nan
Optimization step, Loss: nan, Step Count: 785
Episode 2: Noise Penalty (D): nan
Optimization step, Loss: nan, Step Count: 786
Episode 2: Noise Penalty (D): nan
Optimization step, Loss: nan, Step Count: 787
Episode 2: Noise Penalty (D): nan
Optimization step, Loss: nan, Step Count: 788
Episode 2: Noise Penalty (D): nan
Optimization step, Loss: nan, Step Count: 789
Episode 2: Noise Penalty (D): nan
Optimization step, Loss: nan, Step Count: 790
Episode 2: Noise Penalty (D): nan
Optimization step, Loss: nan, Step Count: 791
Episode 2: Noise Penalty (D): nan
Optimization step, Loss: nan, Step Count: 792
Episode 2: Noise Penalty (D): nan
Optimization step, Loss: nan, Step Count: 793
Episode 2: Noise Penalty (D): nan
Optimization step, Loss: nan, Step Count: 794
Episode 2: Noise Penalty (D): nan
Optimization step, Loss: nan, Step Count: 795
Episode 2: Noise Penalty (D): nan
Optimization step, Loss: nan, Step Count: 796
Episode 2: Noise Penalty (D): nan
Optimization step, Loss: nan, Step Count: 797
Episode 2: Noise Penalty (D): nan
Optimization step, Loss: nan, Step Count: 798
Episode 2: Noise Penalty (D): nan
Optimization step, Loss: nan, Step Count: 799
Episode 2: Noise Penalty (D): nan
Optimization step, Loss: nan, Step Count: 800
Episode 2: Noise Penalty (D): nan
Optimization step, Loss: nan, Step Count: 801
Episode 2: Noise Penalty (D): nan
Optimization step, Loss: nan, Step Count: 802
Episode 2: Noise Penalty (D): nan
Optimization step, Loss: nan, Step Count: 803
Episode 2: Noise Penalty (D): nan
Optimization step, Loss: nan, Step Count: 804
Episode 2: Noise Penalty (D): nan
Optimization step, Loss: nan, Step Count: 805
Episode 2: Noise Penalty (D): nan
Optimization step, Loss: nan, Step Count: 806
Episode 2: Noise Penalty (D): nan
Optimization step, Loss: nan, Step Count: 807
Episode 2: Noise Penalty (D): nan
Optimization step, Loss: nan, Step Count: 808
Episode 2: Noise Penalty (D): nan
Optimization step, Loss: nan, Step Count: 809
Episode 2: Noise Penalty (D): nan
Optimization step, Loss: nan, Step Count: 810
Episode 2: Noise Penalty (D): nan
Optimization step, Loss: nan, Step Count: 811
Episode 2: Noise Penalty (D): nan
Optimization step, Loss: nan, Step Count: 812
Episode 2: Noise Penalty (D): nan
Optimization step, Loss: nan, Step Count: 813
Episode 2: Noise Penalty (D): nan
Optimization step, Loss: nan, Step Count: 814
Episode 2: Noise Penalty (D): nan
Optimization step, Loss: nan, Step Count: 815
Episode 2: Noise Penalty (D): nan
Optimization step, Loss: nan, Step Count: 816
Episode 2: Noise Penalty (D): nan
Optimization step, Loss: nan, Step Count: 817
Episode 2: Noise Penalty (D): nan
Optimization step, Loss: nan, Step Count: 818
Episode 2: Noise Penalty (D): nan
Optimization step, Loss: nan, Step Count: 819
Episode 2: Noise Penalty (D): nan
Optimization step, Loss: nan, Step Count: 820
Episode 2: Noise Penalty (D): nan
Optimization step, Loss: nan, Step Count: 821
Episode 2: Noise Penalty (D): nan
Optimization step, Loss: nan, Step Count: 822
Episode 2: Noise Penalty (D): nan
Optimization step, Loss: nan, Step Count: 823
Episode 2: Noise Penalty (D): nan
Optimization step, Loss: nan, Step Count: 824
Episode 2: Noise Penalty (D): nan
Optimization step, Loss: nan, Step Count: 825
Episode 2: Noise Penalty (D): nan
Optimization step, Loss: nan, Step Count: 826
Episode 2: Noise Penalty (D): nan
Optimization step, Loss: nan, Step Count: 827
Episode 2: Noise Penalty (D): nan
Optimization step, Loss: nan, Step Count: 828
Episode 2: Noise Penalty (D): nan
Optimization step, Loss: nan, Step Count: 829
Episode 2: Noise Penalty (D): nan
Optimization step, Loss: nan, Step Count: 830
Episode 2: Noise Penalty (D): nan
Optimization step, Loss: nan, Step Count: 831
Episode 2: Noise Penalty (D): nan
Optimization step, Loss: nan, Step Count: 832
Episode 2: Noise Penalty (D): nan
Optimization step, Loss: nan, Step Count: 833
Episode 2: Noise Penalty (D): nan
Optimization step, Loss: nan, Step Count: 834
Episode 2: Noise Penalty (D): nan
Optimization step, Loss: nan, Step Count: 835
Episode 2: Noise Penalty (D): nan
Optimization step, Loss: nan, Step Count: 836
Episode 2: Noise Penalty (D): nan
Optimization step, Loss: nan, Step Count: 837
Episode 2: Noise Penalty (D): nan
Optimization step, Loss: nan, Step Count: 838
Episode 2: Noise Penalty (D): nan
Optimization step, Loss: nan, Step Count: 839
Episode 2: Noise Penalty (D): nan
Optimization step, Loss: nan, Step Count: 840
Episode 2: Noise Penalty (D): nan
Optimization step, Loss: nan, Step Count: 841
Episode 2: Noise Penalty (D): nan
Optimization step, Loss: nan, Step Count: 842
Episode 2: Noise Penalty (D): nan
Optimization step, Loss: nan, Step Count: 843
Episode 2: Noise Penalty (D): nan
Optimization step, Loss: nan, Step Count: 844
Episode 2: Noise Penalty (D): nan
Optimization step, Loss: nan, Step Count: 845
Episode 2: Noise Penalty (D): nan
Optimization step, Loss: nan, Step Count: 846
Episode 2: Noise Penalty (D): nan
Optimization step, Loss: nan, Step Count: 847
Episode 2: Noise Penalty (D): nan
Optimization step, Loss: nan, Step Count: 848
Episode 2: Noise Penalty (D): nan
Optimization step, Loss: nan, Step Count: 849
Episode 2: Noise Penalty (D): nan
Optimization step, Loss: nan, Step Count: 850
Episode 2: Noise Penalty (D): nan
Optimization step, Loss: nan, Step Count: 851
Episode 2: Noise Penalty (D): nan
Optimization step, Loss: nan, Step Count: 852
Episode 2: Noise Penalty (D): nan
Optimization step, Loss: nan, Step Count: 853
Episode 2: Noise Penalty (D): nan
Optimization step, Loss: nan, Step Count: 854
Episode 2: Noise Penalty (D): nan
Optimization step, Loss: nan, Step Count: 855
Episode 2: Noise Penalty (D): nan
Optimization step, Loss: nan, Step Count: 856
Episode 2: Noise Penalty (D): nan
Optimization step, Loss: nan, Step Count: 857
Episode 2: Noise Penalty (D): nan
Optimization step, Loss: nan, Step Count: 858
Episode 2: Noise Penalty (D): nan
Optimization step, Loss: nan, Step Count: 859
Episode 2: Noise Penalty (D): nan
Optimization step, Loss: nan, Step Count: 860
Episode 2: Noise Penalty (D): nan
Optimization step, Loss: nan, Step Count: 861
Episode 2: Noise Penalty (D): nan
Optimization step, Loss: nan, Step Count: 862
Episode 2: Noise Penalty (D): nan
Optimization step, Loss: nan, Step Count: 863
Episode 2: Noise Penalty (D): nan
Optimization step, Loss: nan, Step Count: 864
Episode 2: Noise Penalty (D): nan
Optimization step, Loss: nan, Step Count: 865
Episode 2: Noise Penalty (D): nan
Optimization step, Loss: nan, Step Count: 866
Episode 2: Noise Penalty (D): nan
Optimization step, Loss: nan, Step Count: 867
Episode 2: Noise Penalty (D): nan
Optimization step, Loss: nan, Step Count: 868
Episode 2: Noise Penalty (D): nan
Optimization step, Loss: nan, Step Count: 869
Episode 2: Noise Penalty (D): nan
Optimization step, Loss: nan, Step Count: 870
Episode 2: Noise Penalty (D): nan
Optimization step, Loss: nan, Step Count: 871
Episode 2: Noise Penalty (D): nan
Optimization step, Loss: nan, Step Count: 872
Episode 2: Noise Penalty (D): nan
Optimization step, Loss: nan, Step Count: 873
Episode 2: Noise Penalty (D): nan
Optimization step, Loss: nan, Step Count: 874
Episode 2: Noise Penalty (D): nan
Optimization step, Loss: nan, Step Count: 875
Episode 2: Noise Penalty (D): nan
Optimization step, Loss: nan, Step Count: 876
Episode 2: Noise Penalty (D): nan
Optimization step, Loss: nan, Step Count: 877
Episode 2: Noise Penalty (D): nan
Optimization step, Loss: nan, Step Count: 878
Episode 2: Noise Penalty (D): nan
Optimization step, Loss: nan, Step Count: 879
Episode 2: Noise Penalty (D): nan
Optimization step, Loss: nan, Step Count: 880
Episode 2: Noise Penalty (D): nan
Optimization step, Loss: nan, Step Count: 881
Episode 2: Noise Penalty (D): nan
Optimization step, Loss: nan, Step Count: 882
Episode 2: Noise Penalty (D): nan
Optimization step, Loss: nan, Step Count: 883
Episode 2: Noise Penalty (D): nan
Optimization step, Loss: nan, Step Count: 884
Episode 2: Noise Penalty (D): nan
Optimization step, Loss: nan, Step Count: 885
Episode 2: Noise Penalty (D): nan
Optimization step, Loss: nan, Step Count: 886
Episode 2: Noise Penalty (D): nan
Optimization step, Loss: nan, Step Count: 887
Episode 2: Noise Penalty (D): nan
Optimization step, Loss: nan, Step Count: 888
Episode 2: Noise Penalty (D): nan
Optimization step, Loss: nan, Step Count: 889
Episode 2: Noise Penalty (D): nan
Optimization step, Loss: nan, Step Count: 890
Episode 2: Noise Penalty (D): nan
Optimization step, Loss: nan, Step Count: 891
Episode 2: Noise Penalty (D): nan
Optimization step, Loss: nan, Step Count: 892
Episode 2: Noise Penalty (D): nan
Optimization step, Loss: nan, Step Count: 893
Episode 2: Noise Penalty (D): nan
Optimization step, Loss: nan, Step Count: 894
Episode 2: Noise Penalty (D): nan
Optimization step, Loss: nan, Step Count: 895
Episode 2: Noise Penalty (D): nan
Optimization step, Loss: nan, Step Count: 896
Episode 2: Noise Penalty (D): nan
Optimization step, Loss: nan, Step Count: 897
Episode 2: Noise Penalty (D): nan
Optimization step, Loss: nan, Step Count: 898
Episode 2: Noise Penalty (D): nan
Optimization step, Loss: nan, Step Count: 899
Episode 2: Noise Penalty (D): nan
Optimization step, Loss: nan, Step Count: 900
Episode 2: Noise Penalty (D): nan
Optimization step, Loss: nan, Step Count: 901
Episode 2: Noise Penalty (D): nan
Optimization step, Loss: nan, Step Count: 902
Episode 2: Noise Penalty (D): nan
Optimization step, Loss: nan, Step Count: 903
Episode 2: Noise Penalty (D): nan
Optimization step, Loss: nan, Step Count: 904
Episode 2: Noise Penalty (D): nan
Optimization step, Loss: nan, Step Count: 905
Episode 2: Noise Penalty (D): nan
Optimization step, Loss: nan, Step Count: 906
Episode 2: Noise Penalty (D): nan
Optimization step, Loss: nan, Step Count: 907
Episode 2: Noise Penalty (D): nan
Optimization step, Loss: nan, Step Count: 908
Episode 2: Noise Penalty (D): nan
Optimization step, Loss: nan, Step Count: 909
Episode 2: Noise Penalty (D): nan
Optimization step, Loss: nan, Step Count: 910
Episode 2: Noise Penalty (D): nan
Optimization step, Loss: nan, Step Count: 911
Episode 2: Noise Penalty (D): nan
Optimization step, Loss: nan, Step Count: 912
Episode 2: Noise Penalty (D): nan
Optimization step, Loss: nan, Step Count: 913
Episode 2: Noise Penalty (D): nan
Optimization step, Loss: nan, Step Count: 914
Episode 2: Noise Penalty (D): nan
Optimization step, Loss: nan, Step Count: 915
Episode 2: Noise Penalty (D): nan
Optimization step, Loss: nan, Step Count: 916
Episode 2: Noise Penalty (D): nan
Optimization step, Loss: nan, Step Count: 917
Episode 2: Noise Penalty (D): nan
Optimization step, Loss: nan, Step Count: 918
Episode 2: Noise Penalty (D): nan
Optimization step, Loss: nan, Step Count: 919
Episode 2: Noise Penalty (D): nan
Optimization step, Loss: nan, Step Count: 920
Episode 2: Noise Penalty (D): nan
Optimization step, Loss: nan, Step Count: 921
Episode 2: Noise Penalty (D): nan
Optimization step, Loss: nan, Step Count: 922
Episode 2: Noise Penalty (D): nan
Optimization step, Loss: nan, Step Count: 923
Episode 2: Noise Penalty (D): nan
Optimization step, Loss: nan, Step Count: 924
Episode 2: Noise Penalty (D): nan
Optimization step, Loss: nan, Step Count: 925
Episode 2: Noise Penalty (D): nan
Optimization step, Loss: nan, Step Count: 926
Episode 2: Noise Penalty (D): nan
Optimization step, Loss: nan, Step Count: 927
Episode 2: Noise Penalty (D): nan
Optimization step, Loss: nan, Step Count: 928
Episode 2: Noise Penalty (D): nan
Optimization step, Loss: nan, Step Count: 929
Episode 2: Noise Penalty (D): nan
Optimization step, Loss: nan, Step Count: 930
Episode 2: Noise Penalty (D): nan
Optimization step, Loss: nan, Step Count: 931
Episode 2: Noise Penalty (D): nan
Optimization step, Loss: nan, Step Count: 932
Episode 2: Noise Penalty (D): nan
Optimization step, Loss: nan, Step Count: 933
Episode 2: Noise Penalty (D): nan
Optimization step, Loss: nan, Step Count: 934
Episode 2: Noise Penalty (D): nan
Optimization step, Loss: nan, Step Count: 935
Episode 2: Noise Penalty (D): nan
Optimization step, Loss: nan, Step Count: 936
Episode 2: Noise Penalty (D): nan
Optimization step, Loss: nan, Step Count: 937
Episode 2: Noise Penalty (D): nan
Optimization step, Loss: nan, Step Count: 938
Episode 2: Noise Penalty (D): nan
Optimization step, Loss: nan, Step Count: 939
Episode 2: Noise Penalty (D): nan
Optimization step, Loss: nan, Step Count: 940
Episode 2: Noise Penalty (D): nan
Optimization step, Loss: nan, Step Count: 941
Episode 2: Noise Penalty (D): nan
Optimization step, Loss: nan, Step Count: 942
Episode 2: Noise Penalty (D): nan
Optimization step, Loss: nan, Step Count: 943
Episode 2: Noise Penalty (D): nan
Optimization step, Loss: nan, Step Count: 944
Episode 2: Noise Penalty (D): nan
Optimization step, Loss: nan, Step Count: 945
Episode 2: Noise Penalty (D): nan
Optimization step, Loss: nan, Step Count: 946
Episode 2: Noise Penalty (D): nan
Optimization step, Loss: nan, Step Count: 947
Episode 2: Noise Penalty (D): nan
Optimization step, Loss: nan, Step Count: 948
Episode 2: Noise Penalty (D): nan
Optimization step, Loss: nan, Step Count: 949
Episode 2: Noise Penalty (D): nan
Optimization step, Loss: nan, Step Count: 950
Episode 2: Noise Penalty (D): nan
Optimization step, Loss: nan, Step Count: 951
Episode 2: Noise Penalty (D): nan
Optimization step, Loss: nan, Step Count: 952
Episode 2: Noise Penalty (D): nan
Optimization step, Loss: nan, Step Count: 953
Episode 2: Noise Penalty (D): nan
Optimization step, Loss: nan, Step Count: 954
Episode 2: Noise Penalty (D): nan
Optimization step, Loss: nan, Step Count: 955
Episode 2: Noise Penalty (D): nan
Optimization step, Loss: nan, Step Count: 956
Episode 2: Noise Penalty (D): nan
Optimization step, Loss: nan, Step Count: 957
Episode 2: Noise Penalty (D): nan
Optimization step, Loss: nan, Step Count: 958
Episode 2: Noise Penalty (D): nan
Optimization step, Loss: nan, Step Count: 959
Episode 2: Noise Penalty (D): nan
Optimization step, Loss: nan, Step Count: 960
Episode 2: Noise Penalty (D): nan
Optimization step, Loss: nan, Step Count: 961
Episode 2: Noise Penalty (D): nan
Optimization step, Loss: nan, Step Count: 962
Episode 2: Noise Penalty (D): nan
Optimization step, Loss: nan, Step Count: 963
Episode 2: Noise Penalty (D): nan
Optimization step, Loss: nan, Step Count: 964
Episode 2: Noise Penalty (D): nan
Optimization step, Loss: nan, Step Count: 965
Episode 2: Noise Penalty (D): nan
Optimization step, Loss: nan, Step Count: 966
Episode 2: Noise Penalty (D): nan
Optimization step, Loss: nan, Step Count: 967
Episode 2: Noise Penalty (D): nan
Optimization step, Loss: nan, Step Count: 968
Episode 2: Noise Penalty (D): nan
Optimization step, Loss: nan, Step Count: 969
Episode 2: Noise Penalty (D): nan
Optimization step, Loss: nan, Step Count: 970
Episode 2: Noise Penalty (D): nan
Optimization step, Loss: nan, Step Count: 971
Episode 2: Noise Penalty (D): nan
Optimization step, Loss: nan, Step Count: 972
Episode 2: Noise Penalty (D): nan
Optimization step, Loss: nan, Step Count: 973
Episode 2: Noise Penalty (D): nan
Optimization step, Loss: nan, Step Count: 974
Episode 2: Noise Penalty (D): nan
Optimization step, Loss: nan, Step Count: 975
Episode 2: Noise Penalty (D): nan
Optimization step, Loss: nan, Step Count: 976
Episode 2: Noise Penalty (D): nan
Optimization step, Loss: nan, Step Count: 977
Episode 2: Noise Penalty (D): nan
Optimization step, Loss: nan, Step Count: 978
Episode 2: Noise Penalty (D): nan
Optimization step, Loss: nan, Step Count: 979
Episode 2: Noise Penalty (D): nan
Optimization step, Loss: nan, Step Count: 980
Episode 2: Noise Penalty (D): nan
Optimization step, Loss: nan, Step Count: 981
Episode 2: Noise Penalty (D): nan
Optimization step, Loss: nan, Step Count: 982
Episode 2: Noise Penalty (D): nan
Optimization step, Loss: nan, Step Count: 983
Episode 2: Noise Penalty (D): nan
Optimization step, Loss: nan, Step Count: 984
Episode 2: Noise Penalty (D): nan
Optimization step, Loss: nan, Step Count: 985
Episode 2: Noise Penalty (D): nan
Optimization step, Loss: nan, Step Count: 986
Episode 2: Noise Penalty (D): nan
Optimization step, Loss: nan, Step Count: 987
Episode 2: Noise Penalty (D): nan
Optimization step, Loss: nan, Step Count: 988
Episode 2: Noise Penalty (D): nan
Optimization step, Loss: nan, Step Count: 989
Episode 2: Noise Penalty (D): nan
Optimization step, Loss: nan, Step Count: 990
Episode 2: Noise Penalty (D): nan
Optimization step, Loss: nan, Step Count: 991
Episode 2: Noise Penalty (D): nan
Optimization step, Loss: nan, Step Count: 992
Episode 2: Noise Penalty (D): nan
Optimization step, Loss: nan, Step Count: 993
Episode 2: Noise Penalty (D): nan
Optimization step, Loss: nan, Step Count: 994
Episode 2: Noise Penalty (D): nan
Optimization step, Loss: nan, Step Count: 995
Episode 2: Noise Penalty (D): nan
Optimization step, Loss: nan, Step Count: 996
Episode 2: Noise Penalty (D): nan
Optimization step, Loss: nan, Step Count: 997
Episode 2: Noise Penalty (D): nan
Optimization step, Loss: nan, Step Count: 998
Episode 2: Noise Penalty (D): nan
Optimization step, Loss: nan, Step Count: 999
Episode 2: Noise Penalty (D): nan
Optimization step, Loss: nan, Step Count: 1000
Episode 1: Reward: 500.00, Epsilon: 0.0500, k: 1.0000, Min Reward: 1.00, Max Reward: 500.00, Noise Penalty Scale: 0.1000, Mean Reaward: 1.0, Std Reward: 9.999999974752427e-07,
Episode 3: Noise Penalty (D): nan
Optimization step, Loss: nan, Step Count: 1001
Episode 3: Noise Penalty (D): nan
Episode 3: Noise Penalty (D): nan
Episode 3: Noise Penalty (D): nan
Episode 3: Noise Penalty (D): nan
Episode 3: Noise Penalty (D): nan
Episode 3: Noise Penalty (D): nan
Episode 3: Noise Penalty (D): nan
Episode 3: Noise Penalty (D): nan
Episode 3: Noise Penalty (D): nan
Episode 3: Noise Penalty (D): nan
Episode 3: Noise Penalty (D): nan
Episode 3: Noise Penalty (D): nan
Episode 3: Noise Penalty (D): nan
Episode 3: Noise Penalty (D): nan
Episode 3: Noise Penalty (D): nan
Episode 3: Noise Penalty (D): nan
Episode 3: Noise Penalty (D): nan
Episode 3: Noise Penalty (D): nan
Episode 3: Noise Penalty (D): nan
Episode 3: Noise Penalty (D): nan
Episode 3: Noise Penalty (D): nan
Episode 3: Noise Penalty (D): nan
Episode 3: Noise Penalty (D): nan
Episode 3: Noise Penalty (D): nan
Episode 3: Noise Penalty (D): nan
Episode 3: Noise Penalty (D): nan
Episode 3: Noise Penalty (D): nan
Episode 3: Noise Penalty (D): nan
Episode 3: Noise Penalty (D): nan
Episode 3: Noise Penalty (D): nan
Episode 3: Noise Penalty (D): nan
Episode 3: Noise Penalty (D): nan
Episode 3: Noise Penalty (D): nan
Optimization step, Loss: nan, Step Count: 33
Episode 3: Noise Penalty (D): nan
Optimization step, Loss: nan, Step Count: 34
Episode 3: Noise Penalty (D): nan
Optimization step, Loss: nan, Step Count: 35
Episode 3: Noise Penalty (D): nan
Optimization step, Loss: nan, Step Count: 36
Episode 3: Noise Penalty (D): nan
Optimization step, Loss: nan, Step Count: 37
Episode 3: Noise Penalty (D): nan
Optimization step, Loss: nan, Step Count: 38
Episode 3: Noise Penalty (D): nan
Optimization step, Loss: nan, Step Count: 39
Episode 3: Noise Penalty (D): nan
Optimization step, Loss: nan, Step Count: 40
Episode 3: Noise Penalty (D): nan
Optimization step, Loss: nan, Step Count: 41
Episode 3: Noise Penalty (D): nan
Optimization step, Loss: nan, Step Count: 42
Episode 3: Noise Penalty (D): nan
Optimization step, Loss: nan, Step Count: 43
Episode 3: Noise Penalty (D): nan
Optimization step, Loss: nan, Step Count: 44
Episode 3: Noise Penalty (D): nan
Optimization step, Loss: nan, Step Count: 45
Episode 3: Noise Penalty (D): nan
Optimization step, Loss: nan, Step Count: 46
Episode 3: Noise Penalty (D): nan
Optimization step, Loss: nan, Step Count: 47
Episode 3: Noise Penalty (D): nan
Optimization step, Loss: nan, Step Count: 48
Episode 3: Noise Penalty (D): nan
Optimization step, Loss: nan, Step Count: 49
Episode 3: Noise Penalty (D): nan
Optimization step, Loss: nan, Step Count: 50
Episode 3: Noise Penalty (D): nan
Optimization step, Loss: nan, Step Count: 51
Episode 3: Noise Penalty (D): nan
Optimization step, Loss: nan, Step Count: 52
Episode 3: Noise Penalty (D): nan
Optimization step, Loss: nan, Step Count: 53
Episode 3: Noise Penalty (D): nan
Optimization step, Loss: nan, Step Count: 54
Episode 3: Noise Penalty (D): nan
Optimization step, Loss: nan, Step Count: 55
Episode 3: Noise Penalty (D): nan
Optimization step, Loss: nan, Step Count: 56
Episode 3: Noise Penalty (D): nan
Optimization step, Loss: nan, Step Count: 57
Episode 3: Noise Penalty (D): nan
Optimization step, Loss: nan, Step Count: 58
Episode 3: Noise Penalty (D): nan
Optimization step, Loss: nan, Step Count: 59
Episode 3: Noise Penalty (D): nan
Optimization step, Loss: nan, Step Count: 60
Episode 3: Noise Penalty (D): nan
Optimization step, Loss: nan, Step Count: 61
Episode 3: Noise Penalty (D): nan
Optimization step, Loss: nan, Step Count: 62
Episode 3: Noise Penalty (D): nan
Optimization step, Loss: nan, Step Count: 63
Episode 3: Noise Penalty (D): nan
Optimization step, Loss: nan, Step Count: 64
Episode 3: Noise Penalty (D): nan
Optimization step, Loss: nan, Step Count: 65
Episode 3: Noise Penalty (D): nan
Optimization step, Loss: nan, Step Count: 66
Episode 3: Noise Penalty (D): nan
Optimization step, Loss: nan, Step Count: 67
Episode 3: Noise Penalty (D): nan
Optimization step, Loss: nan, Step Count: 68
Episode 3: Noise Penalty (D): nan
Optimization step, Loss: nan, Step Count: 69
Episode 3: Noise Penalty (D): nan
Optimization step, Loss: nan, Step Count: 70
Episode 3: Noise Penalty (D): nan
Optimization step, Loss: nan, Step Count: 71
Episode 3: Noise Penalty (D): nan
Optimization step, Loss: nan, Step Count: 72
Episode 3: Noise Penalty (D): nan
Optimization step, Loss: nan, Step Count: 73
Episode 3: Noise Penalty (D): nan
Optimization step, Loss: nan, Step Count: 74
Episode 3: Noise Penalty (D): nan
Optimization step, Loss: nan, Step Count: 75
Episode 3: Noise Penalty (D): nan
Optimization step, Loss: nan, Step Count: 76
Episode 3: Noise Penalty (D): nan
Optimization step, Loss: nan, Step Count: 77
Episode 3: Noise Penalty (D): nan
Optimization step, Loss: nan, Step Count: 78
Episode 3: Noise Penalty (D): nan
Optimization step, Loss: nan, Step Count: 79
Episode 3: Noise Penalty (D): nan
Optimization step, Loss: nan, Step Count: 80
Episode 3: Noise Penalty (D): nan
Optimization step, Loss: nan, Step Count: 81
Episode 3: Noise Penalty (D): nan
Optimization step, Loss: nan, Step Count: 82
Episode 3: Noise Penalty (D): nan
Optimization step, Loss: nan, Step Count: 83
Episode 3: Noise Penalty (D): nan
Optimization step, Loss: nan, Step Count: 84
Episode 3: Noise Penalty (D): nan
Optimization step, Loss: nan, Step Count: 85
Episode 3: Noise Penalty (D): nan
Optimization step, Loss: nan, Step Count: 86
Episode 3: Noise Penalty (D): nan
Optimization step, Loss: nan, Step Count: 87
Episode 3: Noise Penalty (D): nan
Optimization step, Loss: nan, Step Count: 88
Episode 3: Noise Penalty (D): nan
Optimization step, Loss: nan, Step Count: 89
Episode 3: Noise Penalty (D): nan
Optimization step, Loss: nan, Step Count: 90
Episode 3: Noise Penalty (D): nan
Optimization step, Loss: nan, Step Count: 91
Episode 3: Noise Penalty (D): nan
Optimization step, Loss: nan, Step Count: 92
Episode 3: Noise Penalty (D): nan
Optimization step, Loss: nan, Step Count: 93
Episode 3: Noise Penalty (D): nan
Optimization step, Loss: nan, Step Count: 94
Episode 3: Noise Penalty (D): nan
Optimization step, Loss: nan, Step Count: 95
Episode 3: Noise Penalty (D): nan
Optimization step, Loss: nan, Step Count: 96
Episode 3: Noise Penalty (D): nan
Optimization step, Loss: nan, Step Count: 97
Episode 3: Noise Penalty (D): nan
Optimization step, Loss: nan, Step Count: 98
Episode 3: Noise Penalty (D): nan
Optimization step, Loss: nan, Step Count: 99
Episode 3: Noise Penalty (D): nan
Optimization step, Loss: nan, Step Count: 100
Episode 3: Noise Penalty (D): nan
Optimization step, Loss: nan, Step Count: 101
Episode 3: Noise Penalty (D): nan
Optimization step, Loss: nan, Step Count: 102
Episode 3: Noise Penalty (D): nan
Optimization step, Loss: nan, Step Count: 103
Episode 3: Noise Penalty (D): nan
Optimization step, Loss: nan, Step Count: 104
Episode 3: Noise Penalty (D): nan
Optimization step, Loss: nan, Step Count: 105
Episode 3: Noise Penalty (D): nan
Optimization step, Loss: nan, Step Count: 106
Episode 3: Noise Penalty (D): nan
Optimization step, Loss: nan, Step Count: 107
Episode 3: Noise Penalty (D): nan
Optimization step, Loss: nan, Step Count: 108
Episode 3: Noise Penalty (D): nan
Optimization step, Loss: nan, Step Count: 109
Episode 3: Noise Penalty (D): nan
Optimization step, Loss: nan, Step Count: 110
Episode 3: Noise Penalty (D): nan
Optimization step, Loss: nan, Step Count: 111
Episode 3: Noise Penalty (D): nan
Optimization step, Loss: nan, Step Count: 112
Episode 3: Noise Penalty (D): nan
Optimization step, Loss: nan, Step Count: 113
Episode 3: Noise Penalty (D): nan
Optimization step, Loss: nan, Step Count: 114
Episode 3: Noise Penalty (D): nan
Optimization step, Loss: nan, Step Count: 115
Episode 3: Noise Penalty (D): nan
Optimization step, Loss: nan, Step Count: 116
Episode 3: Noise Penalty (D): nan
Optimization step, Loss: nan, Step Count: 117
Episode 3: Noise Penalty (D): nan
Optimization step, Loss: nan, Step Count: 118
Episode 3: Noise Penalty (D): nan
Optimization step, Loss: nan, Step Count: 119
Episode 3: Noise Penalty (D): nan
Optimization step, Loss: nan, Step Count: 120
Episode 3: Noise Penalty (D): nan
Optimization step, Loss: nan, Step Count: 121
Episode 3: Noise Penalty (D): nan
Optimization step, Loss: nan, Step Count: 122
Episode 3: Noise Penalty (D): nan
Optimization step, Loss: nan, Step Count: 123
Episode 3: Noise Penalty (D): nan
Optimization step, Loss: nan, Step Count: 124
Episode 3: Noise Penalty (D): nan
Optimization step, Loss: nan, Step Count: 125
Episode 3: Noise Penalty (D): nan
Optimization step, Loss: nan, Step Count: 126
Episode 3: Noise Penalty (D): nan
Optimization step, Loss: nan, Step Count: 127
Episode 3: Noise Penalty (D): nan
Optimization step, Loss: nan, Step Count: 128
Episode 3: Noise Penalty (D): nan
Optimization step, Loss: nan, Step Count: 129
Episode 3: Noise Penalty (D): nan
Optimization step, Loss: nan, Step Count: 130
Episode 3: Noise Penalty (D): nan
Optimization step, Loss: nan, Step Count: 131
Episode 3: Noise Penalty (D): nan
Optimization step, Loss: nan, Step Count: 132
Episode 3: Noise Penalty (D): nan
Optimization step, Loss: nan, Step Count: 133
Episode 3: Noise Penalty (D): nan
Optimization step, Loss: nan, Step Count: 134
Episode 3: Noise Penalty (D): nan
Optimization step, Loss: nan, Step Count: 135
Episode 3: Noise Penalty (D): nan
Optimization step, Loss: nan, Step Count: 136
Episode 3: Noise Penalty (D): nan
Optimization step, Loss: nan, Step Count: 137
Episode 3: Noise Penalty (D): nan
Optimization step, Loss: nan, Step Count: 138
Episode 3: Noise Penalty (D): nan
Optimization step, Loss: nan, Step Count: 139
Episode 3: Noise Penalty (D): nan
Optimization step, Loss: nan, Step Count: 140
Episode 3: Noise Penalty (D): nan
Optimization step, Loss: nan, Step Count: 141
Episode 3: Noise Penalty (D): nan
Optimization step, Loss: nan, Step Count: 142
Episode 3: Noise Penalty (D): nan
Optimization step, Loss: nan, Step Count: 143
Episode 3: Noise Penalty (D): nan
Optimization step, Loss: nan, Step Count: 144
Episode 3: Noise Penalty (D): nan
Optimization step, Loss: nan, Step Count: 145
Episode 3: Noise Penalty (D): nan
Optimization step, Loss: nan, Step Count: 146
Episode 3: Noise Penalty (D): nan
Optimization step, Loss: nan, Step Count: 147
Episode 3: Noise Penalty (D): nan
Optimization step, Loss: nan, Step Count: 148
Episode 3: Noise Penalty (D): nan
Optimization step, Loss: nan, Step Count: 149
Episode 3: Noise Penalty (D): nan
Optimization step, Loss: nan, Step Count: 150
Episode 3: Noise Penalty (D): nan
Optimization step, Loss: nan, Step Count: 151
Episode 3: Noise Penalty (D): nan
Optimization step, Loss: nan, Step Count: 152
Episode 3: Noise Penalty (D): nan
Optimization step, Loss: nan, Step Count: 153
Episode 3: Noise Penalty (D): nan
Optimization step, Loss: nan, Step Count: 154
Episode 3: Noise Penalty (D): nan
Optimization step, Loss: nan, Step Count: 155
Episode 3: Noise Penalty (D): nan
Optimization step, Loss: nan, Step Count: 156
Episode 3: Noise Penalty (D): nan
Optimization step, Loss: nan, Step Count: 157
Episode 3: Noise Penalty (D): nan
Optimization step, Loss: nan, Step Count: 158
Episode 3: Noise Penalty (D): nan
Optimization step, Loss: nan, Step Count: 159
Episode 3: Noise Penalty (D): nan
Optimization step, Loss: nan, Step Count: 160
Episode 3: Noise Penalty (D): nan
Optimization step, Loss: nan, Step Count: 161
Episode 3: Noise Penalty (D): nan
Optimization step, Loss: nan, Step Count: 162
Episode 3: Noise Penalty (D): nan
Optimization step, Loss: nan, Step Count: 163
Episode 3: Noise Penalty (D): nan
Optimization step, Loss: nan, Step Count: 164
Episode 3: Noise Penalty (D): nan
Optimization step, Loss: nan, Step Count: 165
Episode 3: Noise Penalty (D): nan
Optimization step, Loss: nan, Step Count: 166
Episode 3: Noise Penalty (D): nan
Optimization step, Loss: nan, Step Count: 167
Episode 3: Noise Penalty (D): nan
Optimization step, Loss: nan, Step Count: 168
Episode 3: Noise Penalty (D): nan
Optimization step, Loss: nan, Step Count: 169
Episode 3: Noise Penalty (D): nan
Optimization step, Loss: nan, Step Count: 170
Episode 3: Noise Penalty (D): nan
Optimization step, Loss: nan, Step Count: 171
Episode 3: Noise Penalty (D): nan
Optimization step, Loss: nan, Step Count: 172
Episode 3: Noise Penalty (D): nan
Optimization step, Loss: nan, Step Count: 173
Episode 3: Noise Penalty (D): nan
Optimization step, Loss: nan, Step Count: 174
Episode 3: Noise Penalty (D): nan
Optimization step, Loss: nan, Step Count: 175
Episode 3: Noise Penalty (D): nan
Optimization step, Loss: nan, Step Count: 176
Episode 3: Noise Penalty (D): nan
Optimization step, Loss: nan, Step Count: 177
Episode 3: Noise Penalty (D): nan
Optimization step, Loss: nan, Step Count: 178
Episode 3: Noise Penalty (D): nan
Optimization step, Loss: nan, Step Count: 179
Episode 3: Noise Penalty (D): nan
Optimization step, Loss: nan, Step Count: 180
Episode 3: Noise Penalty (D): nan
Optimization step, Loss: nan, Step Count: 181
Episode 3: Noise Penalty (D): nan
Optimization step, Loss: nan, Step Count: 182
Episode 3: Noise Penalty (D): nan
Optimization step, Loss: nan, Step Count: 183
Episode 3: Noise Penalty (D): nan
Optimization step, Loss: nan, Step Count: 184
Episode 3: Noise Penalty (D): nan
Optimization step, Loss: nan, Step Count: 185
Episode 3: Noise Penalty (D): nan
Optimization step, Loss: nan, Step Count: 186
Episode 3: Noise Penalty (D): nan
Optimization step, Loss: nan, Step Count: 187
Episode 3: Noise Penalty (D): nan
Optimization step, Loss: nan, Step Count: 188
Episode 3: Noise Penalty (D): nan
Optimization step, Loss: nan, Step Count: 189
Episode 3: Noise Penalty (D): nan
Optimization step, Loss: nan, Step Count: 190
Episode 3: Noise Penalty (D): nan
Optimization step, Loss: nan, Step Count: 191
Episode 3: Noise Penalty (D): nan
Optimization step, Loss: nan, Step Count: 192
Episode 3: Noise Penalty (D): nan
Optimization step, Loss: nan, Step Count: 193
Episode 3: Noise Penalty (D): nan
Optimization step, Loss: nan, Step Count: 194
Episode 3: Noise Penalty (D): nan
Optimization step, Loss: nan, Step Count: 195
Episode 3: Noise Penalty (D): nan
Optimization step, Loss: nan, Step Count: 196
Episode 3: Noise Penalty (D): nan
Optimization step, Loss: nan, Step Count: 197
Episode 3: Noise Penalty (D): nan
Optimization step, Loss: nan, Step Count: 198
Episode 3: Noise Penalty (D): nan
Optimization step, Loss: nan, Step Count: 199
Episode 3: Noise Penalty (D): nan
Optimization step, Loss: nan, Step Count: 200
Episode 3: Noise Penalty (D): nan
Optimization step, Loss: nan, Step Count: 201
Episode 3: Noise Penalty (D): nan
Optimization step, Loss: nan, Step Count: 202
Episode 3: Noise Penalty (D): nan
Optimization step, Loss: nan, Step Count: 203
Episode 3: Noise Penalty (D): nan
Optimization step, Loss: nan, Step Count: 204
Episode 3: Noise Penalty (D): nan
Optimization step, Loss: nan, Step Count: 205
Episode 3: Noise Penalty (D): nan
Optimization step, Loss: nan, Step Count: 206
Episode 3: Noise Penalty (D): nan
Optimization step, Loss: nan, Step Count: 207
Episode 3: Noise Penalty (D): nan
Optimization step, Loss: nan, Step Count: 208
Episode 3: Noise Penalty (D): nan
Optimization step, Loss: nan, Step Count: 209
Episode 3: Noise Penalty (D): nan
Optimization step, Loss: nan, Step Count: 210
Episode 3: Noise Penalty (D): nan
Optimization step, Loss: nan, Step Count: 211
Episode 3: Noise Penalty (D): nan
Optimization step, Loss: nan, Step Count: 212
Episode 3: Noise Penalty (D): nan
Optimization step, Loss: nan, Step Count: 213
Episode 3: Noise Penalty (D): nan
Optimization step, Loss: nan, Step Count: 214
Episode 3: Noise Penalty (D): nan
Optimization step, Loss: nan, Step Count: 215
Episode 3: Noise Penalty (D): nan
Optimization step, Loss: nan, Step Count: 216
Episode 3: Noise Penalty (D): nan
Optimization step, Loss: nan, Step Count: 217
Episode 3: Noise Penalty (D): nan
Optimization step, Loss: nan, Step Count: 218
Episode 3: Noise Penalty (D): nan
Optimization step, Loss: nan, Step Count: 219
Episode 3: Noise Penalty (D): nan
Optimization step, Loss: nan, Step Count: 220
Episode 3: Noise Penalty (D): nan
Optimization step, Loss: nan, Step Count: 221
Episode 3: Noise Penalty (D): nan
Optimization step, Loss: nan, Step Count: 222
Episode 3: Noise Penalty (D): nan
Optimization step, Loss: nan, Step Count: 223
Episode 3: Noise Penalty (D): nan
Optimization step, Loss: nan, Step Count: 224
Episode 3: Noise Penalty (D): nan
Optimization step, Loss: nan, Step Count: 225
Episode 3: Noise Penalty (D): nan
Optimization step, Loss: nan, Step Count: 226
Episode 3: Noise Penalty (D): nan
Optimization step, Loss: nan, Step Count: 227
Episode 3: Noise Penalty (D): nan
Optimization step, Loss: nan, Step Count: 228
Episode 3: Noise Penalty (D): nan
Optimization step, Loss: nan, Step Count: 229
Episode 3: Noise Penalty (D): nan
Optimization step, Loss: nan, Step Count: 230
Episode 3: Noise Penalty (D): nan
Optimization step, Loss: nan, Step Count: 231
Episode 3: Noise Penalty (D): nan
Optimization step, Loss: nan, Step Count: 232
Episode 3: Noise Penalty (D): nan
Optimization step, Loss: nan, Step Count: 233
Episode 3: Noise Penalty (D): nan
Optimization step, Loss: nan, Step Count: 234
Episode 3: Noise Penalty (D): nan
Optimization step, Loss: nan, Step Count: 235
Episode 3: Noise Penalty (D): nan
Optimization step, Loss: nan, Step Count: 236
Episode 3: Noise Penalty (D): nan
Optimization step, Loss: nan, Step Count: 237
Episode 3: Noise Penalty (D): nan
Optimization step, Loss: nan, Step Count: 238
Episode 3: Noise Penalty (D): nan
Optimization step, Loss: nan, Step Count: 239
Episode 3: Noise Penalty (D): nan
Optimization step, Loss: nan, Step Count: 240
Episode 3: Noise Penalty (D): nan
Optimization step, Loss: nan, Step Count: 241
Episode 3: Noise Penalty (D): nan
Optimization step, Loss: nan, Step Count: 242
Episode 3: Noise Penalty (D): nan
Optimization step, Loss: nan, Step Count: 243
Episode 3: Noise Penalty (D): nan
Optimization step, Loss: nan, Step Count: 244
Episode 3: Noise Penalty (D): nan
Optimization step, Loss: nan, Step Count: 245
Episode 3: Noise Penalty (D): nan
Optimization step, Loss: nan, Step Count: 246
Episode 3: Noise Penalty (D): nan
Optimization step, Loss: nan, Step Count: 247
Episode 3: Noise Penalty (D): nan
Optimization step, Loss: nan, Step Count: 248
Episode 3: Noise Penalty (D): nan
Optimization step, Loss: nan, Step Count: 249
Episode 3: Noise Penalty (D): nan
Optimization step, Loss: nan, Step Count: 250
Episode 3: Noise Penalty (D): nan
Optimization step, Loss: nan, Step Count: 251
Episode 3: Noise Penalty (D): nan
Optimization step, Loss: nan, Step Count: 252
Episode 3: Noise Penalty (D): nan
Optimization step, Loss: nan, Step Count: 253
Episode 3: Noise Penalty (D): nan
Optimization step, Loss: nan, Step Count: 254
Episode 3: Noise Penalty (D): nan
Optimization step, Loss: nan, Step Count: 255
Episode 3: Noise Penalty (D): nan
Optimization step, Loss: nan, Step Count: 256
Episode 3: Noise Penalty (D): nan
Optimization step, Loss: nan, Step Count: 257
Episode 3: Noise Penalty (D): nan
Optimization step, Loss: nan, Step Count: 258
Episode 3: Noise Penalty (D): nan
Optimization step, Loss: nan, Step Count: 259
Episode 3: Noise Penalty (D): nan
Optimization step, Loss: nan, Step Count: 260
Episode 3: Noise Penalty (D): nan
Optimization step, Loss: nan, Step Count: 261
Episode 3: Noise Penalty (D): nan
Optimization step, Loss: nan, Step Count: 262
Episode 3: Noise Penalty (D): nan
Optimization step, Loss: nan, Step Count: 263
Episode 3: Noise Penalty (D): nan
Optimization step, Loss: nan, Step Count: 264
Episode 3: Noise Penalty (D): nan
Optimization step, Loss: nan, Step Count: 265
Episode 3: Noise Penalty (D): nan
Optimization step, Loss: nan, Step Count: 266
Episode 3: Noise Penalty (D): nan
Optimization step, Loss: nan, Step Count: 267
Episode 3: Noise Penalty (D): nan
Optimization step, Loss: nan, Step Count: 268
Episode 3: Noise Penalty (D): nan
Optimization step, Loss: nan, Step Count: 269
Episode 3: Noise Penalty (D): nan
Optimization step, Loss: nan, Step Count: 270
Episode 3: Noise Penalty (D): nan
